#
# There is insufficient memory for the Java Runtime Environment to continue.
# Native memory allocation (malloc) failed to allocate 32744 bytes for ChunkPool::allocate
# Possible reasons:
#   The system is out of physical RAM or swap space
#   The process is running with CompressedOops enabled, and the Java Heap may be blocking the growth of the native heap
# Possible solutions:
#   Reduce memory load on the system
#   Increase physical memory or swap space
#   Check if swap backing store is full
#   Decrease Java heap size (-Xmx/-Xms)
#   Decrease number of Java threads
#   Decrease Java thread stack sizes (-Xss)
#   Set larger code cache with -XX:ReservedCodeCacheSize=
#   JVM is running with Zero Based Compressed Oops mode in which the Java heap is
#     placed in the first 32GB address space. The Java Heap base address is the
#     maximum limit for the native heap growth. Please use -XX:HeapBaseMinAddress
#     to set the Java Heap base and to place the Java Heap above 32GB virtual address.
# This output file may be truncated or incomplete.
#
#  Out of Memory Error (src/hotspot/share/memory/arena.cpp:81), pid=14888, tid=20300
#
# JRE version: OpenJDK Runtime Environment JBR-11.0.14.1.1-2043.25-dcevm (11.0.14.1+1) (build 11.0.14.1+1-b2043.25)
# Java VM: Dynamic Code Evolution 64-Bit Server VM JBR-11.0.14.1.1-2043.25-dcevm (11.0.14.1+1-b2043.25, mixed mode, tiered, compressed oops, g1 gc, windows-amd64)
# No core dump will be written. Minidumps are not enabled by default on client versions of Windows
#

---------------  S U M M A R Y ------------

Command Line: git4idea.http.GitAskPassApp Password for 'https://yanawishnya@github.com': 

Host: AMD Ryzen 5 3500U with Radeon Vega Mobile Gfx  , 8 cores, 14G,  Windows 11 , 64 bit Build 22000 (10.0.22000.613)
Time: Fri Apr 29 17:41:28 2022 RTZ 2 (зима) elapsed time: 0.141005 seconds (0d 0h 0m 0s)

---------------  T H R E A D  ---------------

Current thread (0x000002167fc70000):  JavaThread "C1 CompilerThread0" daemon [_thread_in_native, id=20300, stack(0x000000ecfe700000,0x000000ecfe800000)]


Current CompileTask:
C1:    141   44   !   3       java.util.concurrent.ConcurrentHashMap::putVal (432 bytes)

Stack: [0x000000ecfe700000,0x000000ecfe800000]
Native frames: (J=compiled Java code, j=interpreted, Vv=VM code, C=native code)
V  [jvm.dll+0x621b3a]
V  [jvm.dll+0x7a8cf0]
V  [jvm.dll+0x7aa30d]
V  [jvm.dll+0x7aa9e3]
V  [jvm.dll+0x2512c8]
V  [jvm.dll+0xc181b]
V  [jvm.dll+0xc1acc]
V  [jvm.dll+0x16c9a9]
V  [jvm.dll+0x16d982]
V  [jvm.dll+0x16da40]
V  [jvm.dll+0x16fcad]
V  [jvm.dll+0x171c64]
V  [jvm.dll+0x12b93c]
V  [jvm.dll+0x12b449]
V  [jvm.dll+0x12b5b3]
V  [jvm.dll+0x12a8c4]
V  [jvm.dll+0x12c497]
V  [jvm.dll+0x217075]
V  [jvm.dll+0x215866]
V  [jvm.dll+0x76f8af]
V  [jvm.dll+0x7684b5]
V  [jvm.dll+0x6207b6]
C  [ucrtbase.dll+0x26c0c]
C  [KERNEL32.DLL+0x154e0]
C  [ntdll.dll+0x485b]


---------------  P R O C E S S  ---------------

Threads class SMR info:
_java_thread_list=0x000002167fc69880, length=9, elements={
0x0000021666620800, 0x000002167fc00000, 0x000002167fc01000, 0x000002167fc61000,
0x000002167fc64000, 0x000002167fc66800, 0x000002167fc6b800, 0x000002167fc70000,
0x000002167fc79800
}

Java Threads: ( => current thread )
  0x0000021666620800 JavaThread "main" [_thread_in_vm, id=24160, stack(0x000000ecfda00000,0x000000ecfdb00000)]
  0x000002167fc00000 JavaThread "Reference Handler" daemon [_thread_blocked, id=4760, stack(0x000000ecfe100000,0x000000ecfe200000)]
  0x000002167fc01000 JavaThread "Finalizer" daemon [_thread_blocked, id=25100, stack(0x000000ecfe200000,0x000000ecfe300000)]
  0x000002167fc61000 JavaThread "Signal Dispatcher" daemon [_thread_blocked, id=22056, stack(0x000000ecfe300000,0x000000ecfe400000)]
  0x000002167fc64000 JavaThread "Attach Listener" daemon [_thread_blocked, id=24468, stack(0x000000ecfe400000,0x000000ecfe500000)]
  0x000002167fc66800 JavaThread "Service Thread" daemon [_thread_blocked, id=14820, stack(0x000000ecfe500000,0x000000ecfe600000)]
  0x000002167fc6b800 JavaThread "C2 CompilerThread0" daemon [_thread_blocked, id=20500, stack(0x000000ecfe600000,0x000000ecfe700000)]
=>0x000002167fc70000 JavaThread "C1 CompilerThread0" daemon [_thread_in_native, id=20300, stack(0x000000ecfe700000,0x000000ecfe800000)]
  0x000002167fc79800 JavaThread "Sweeper thread" daemon [_thread_new, id=17576, stack(0x000000ecfe800000,0x000000ecfe900000)]

Other Threads:
  0x000002167fbde000 VMThread "VM Thread" [stack: 0x000000ecfe000000,0x000000ecfe100000] [id=10764] _threads_hazard_ptr=0x000002167fc69880
  0x0000021666638800 GCTaskThread "GC Thread#0" [stack: 0x000000ecfdb00000,0x000000ecfdc00000] [id=18264]
  0x0000021666692000 ConcurrentGCThread "G1 Main Marker" [stack: 0x000000ecfdc00000,0x000000ecfdd00000] [id=6888]
  0x0000021666694800 ConcurrentGCThread "G1 Conc#0" [stack: 0x000000ecfdd00000,0x000000ecfde00000] [id=14840]
  0x000002167f23e000 ConcurrentGCThread "G1 Refine#0" [stack: 0x000000ecfde00000,0x000000ecfdf00000] [id=24300]
  0x000002167f23f000 ConcurrentGCThread "G1 Young RemSet Sampling" [stack: 0x000000ecfdf00000,0x000000ecfe000000] [id=7720]

Threads with active compile tasks:
C1 CompilerThread0    166   44   !   3       java.util.concurrent.ConcurrentHashMap::putVal (432 bytes)

VM state:synchronizing (normal execution)

VM Mutex/Monitor currently owned by a thread:  ([mutex/lock_event])
[0x000002166661d3c0] Safepoint_lock - owner thread: 0x000002167fbde000
[0x000002166661d450] Threads_lock - owner thread: 0x000002167fbde000

Heap address: 0x0000000710e00000, size: 3826 MB, Compressed Oops mode: Zero based, Oop shift amount: 3
Narrow klass base: 0x0000000800000000, Narrow klass shift: 0
Compressed class space size: 1073741824 Address: 0x0000000800000000

Heap:
 garbage-first heap   total 245760K, used 1024K [0x0000000710e00000, 0x0000000800000000)
  region size 1024K, 2 young (2048K), 0 survivors (0K)
 Metaspace       used 3373K, capacity 4480K, committed 4480K, reserved 1056768K
  class space    used 291K, capacity 384K, committed 384K, reserved 1048576K
Heap Regions: E=young(eden), S=young(survivor), O=old, HS=humongous(starts), HC=humongous(continues), CS=collection set, F=free, A=archive, TAMS=top-at-mark-start (previous, next)
|   0|0x0000000710e00000, 0x0000000710e00000, 0x0000000710f00000|  0%| F|  |TAMS 0x0000000710e00000, 0x0000000710e00000| Untracked 
|   1|0x0000000710f00000, 0x0000000710f00000, 0x0000000711000000|  0%| F|  |TAMS 0x0000000710f00000, 0x0000000710f00000| Untracked 
|   2|0x0000000711000000, 0x0000000711000000, 0x0000000711100000|  0%| F|  |TAMS 0x0000000711000000, 0x0000000711000000| Untracked 
|   3|0x0000000711100000, 0x0000000711100000, 0x0000000711200000|  0%| F|  |TAMS 0x0000000711100000, 0x0000000711100000| Untracked 
|   4|0x0000000711200000, 0x0000000711200000, 0x0000000711300000|  0%| F|  |TAMS 0x0000000711200000, 0x0000000711200000| Untracked 
|   5|0x0000000711300000, 0x0000000711300000, 0x0000000711400000|  0%| F|  |TAMS 0x0000000711300000, 0x0000000711300000| Untracked 
|   6|0x0000000711400000, 0x0000000711400000, 0x0000000711500000|  0%| F|  |TAMS 0x0000000711400000, 0x0000000711400000| Untracked 
|   7|0x0000000711500000, 0x0000000711500000, 0x0000000711600000|  0%| F|  |TAMS 0x0000000711500000, 0x0000000711500000| Untracked 
|   8|0x0000000711600000, 0x0000000711600000, 0x0000000711700000|  0%| F|  |TAMS 0x0000000711600000, 0x0000000711600000| Untracked 
|   9|0x0000000711700000, 0x0000000711700000, 0x0000000711800000|  0%| F|  |TAMS 0x0000000711700000, 0x0000000711700000| Untracked 
|  10|0x0000000711800000, 0x0000000711800000, 0x0000000711900000|  0%| F|  |TAMS 0x0000000711800000, 0x0000000711800000| Untracked 
|  11|0x0000000711900000, 0x0000000711900000, 0x0000000711a00000|  0%| F|  |TAMS 0x0000000711900000, 0x0000000711900000| Untracked 
|  12|0x0000000711a00000, 0x0000000711a00000, 0x0000000711b00000|  0%| F|  |TAMS 0x0000000711a00000, 0x0000000711a00000| Untracked 
|  13|0x0000000711b00000, 0x0000000711b00000, 0x0000000711c00000|  0%| F|  |TAMS 0x0000000711b00000, 0x0000000711b00000| Untracked 
|  14|0x0000000711c00000, 0x0000000711c00000, 0x0000000711d00000|  0%| F|  |TAMS 0x0000000711c00000, 0x0000000711c00000| Untracked 
|  15|0x0000000711d00000, 0x0000000711d00000, 0x0000000711e00000|  0%| F|  |TAMS 0x0000000711d00000, 0x0000000711d00000| Untracked 
|  16|0x0000000711e00000, 0x0000000711e00000, 0x0000000711f00000|  0%| F|  |TAMS 0x0000000711e00000, 0x0000000711e00000| Untracked 
|  17|0x0000000711f00000, 0x0000000711f00000, 0x0000000712000000|  0%| F|  |TAMS 0x0000000711f00000, 0x0000000711f00000| Untracked 
|  18|0x0000000712000000, 0x0000000712000000, 0x0000000712100000|  0%| F|  |TAMS 0x0000000712000000, 0x0000000712000000| Untracked 
|  19|0x0000000712100000, 0x0000000712100000, 0x0000000712200000|  0%| F|  |TAMS 0x0000000712100000, 0x0000000712100000| Untracked 
|  20|0x0000000712200000, 0x0000000712200000, 0x0000000712300000|  0%| F|  |TAMS 0x0000000712200000, 0x0000000712200000| Untracked 
|  21|0x0000000712300000, 0x0000000712300000, 0x0000000712400000|  0%| F|  |TAMS 0x0000000712300000, 0x0000000712300000| Untracked 
|  22|0x0000000712400000, 0x0000000712400000, 0x0000000712500000|  0%| F|  |TAMS 0x0000000712400000, 0x0000000712400000| Untracked 
|  23|0x0000000712500000, 0x0000000712500000, 0x0000000712600000|  0%| F|  |TAMS 0x0000000712500000, 0x0000000712500000| Untracked 
|  24|0x0000000712600000, 0x0000000712600000, 0x0000000712700000|  0%| F|  |TAMS 0x0000000712600000, 0x0000000712600000| Untracked 
|  25|0x0000000712700000, 0x0000000712700000, 0x0000000712800000|  0%| F|  |TAMS 0x0000000712700000, 0x0000000712700000| Untracked 
|  26|0x0000000712800000, 0x0000000712800000, 0x0000000712900000|  0%| F|  |TAMS 0x0000000712800000, 0x0000000712800000| Untracked 
|  27|0x0000000712900000, 0x0000000712900000, 0x0000000712a00000|  0%| F|  |TAMS 0x0000000712900000, 0x0000000712900000| Untracked 
|  28|0x0000000712a00000, 0x0000000712a00000, 0x0000000712b00000|  0%| F|  |TAMS 0x0000000712a00000, 0x0000000712a00000| Untracked 
|  29|0x0000000712b00000, 0x0000000712b00000, 0x0000000712c00000|  0%| F|  |TAMS 0x0000000712b00000, 0x0000000712b00000| Untracked 
|  30|0x0000000712c00000, 0x0000000712c00000, 0x0000000712d00000|  0%| F|  |TAMS 0x0000000712c00000, 0x0000000712c00000| Untracked 
|  31|0x0000000712d00000, 0x0000000712d00000, 0x0000000712e00000|  0%| F|  |TAMS 0x0000000712d00000, 0x0000000712d00000| Untracked 
|  32|0x0000000712e00000, 0x0000000712e00000, 0x0000000712f00000|  0%| F|  |TAMS 0x0000000712e00000, 0x0000000712e00000| Untracked 
|  33|0x0000000712f00000, 0x0000000712f00000, 0x0000000713000000|  0%| F|  |TAMS 0x0000000712f00000, 0x0000000712f00000| Untracked 
|  34|0x0000000713000000, 0x0000000713000000, 0x0000000713100000|  0%| F|  |TAMS 0x0000000713000000, 0x0000000713000000| Untracked 
|  35|0x0000000713100000, 0x0000000713100000, 0x0000000713200000|  0%| F|  |TAMS 0x0000000713100000, 0x0000000713100000| Untracked 
|  36|0x0000000713200000, 0x0000000713200000, 0x0000000713300000|  0%| F|  |TAMS 0x0000000713200000, 0x0000000713200000| Untracked 
|  37|0x0000000713300000, 0x0000000713300000, 0x0000000713400000|  0%| F|  |TAMS 0x0000000713300000, 0x0000000713300000| Untracked 
|  38|0x0000000713400000, 0x0000000713400000, 0x0000000713500000|  0%| F|  |TAMS 0x0000000713400000, 0x0000000713400000| Untracked 
|  39|0x0000000713500000, 0x0000000713500000, 0x0000000713600000|  0%| F|  |TAMS 0x0000000713500000, 0x0000000713500000| Untracked 
|  40|0x0000000713600000, 0x0000000713600000, 0x0000000713700000|  0%| F|  |TAMS 0x0000000713600000, 0x0000000713600000| Untracked 
|  41|0x0000000713700000, 0x0000000713700000, 0x0000000713800000|  0%| F|  |TAMS 0x0000000713700000, 0x0000000713700000| Untracked 
|  42|0x0000000713800000, 0x0000000713800000, 0x0000000713900000|  0%| F|  |TAMS 0x0000000713800000, 0x0000000713800000| Untracked 
|  43|0x0000000713900000, 0x0000000713900000, 0x0000000713a00000|  0%| F|  |TAMS 0x0000000713900000, 0x0000000713900000| Untracked 
|  44|0x0000000713a00000, 0x0000000713a00000, 0x0000000713b00000|  0%| F|  |TAMS 0x0000000713a00000, 0x0000000713a00000| Untracked 
|  45|0x0000000713b00000, 0x0000000713b00000, 0x0000000713c00000|  0%| F|  |TAMS 0x0000000713b00000, 0x0000000713b00000| Untracked 
|  46|0x0000000713c00000, 0x0000000713c00000, 0x0000000713d00000|  0%| F|  |TAMS 0x0000000713c00000, 0x0000000713c00000| Untracked 
|  47|0x0000000713d00000, 0x0000000713d00000, 0x0000000713e00000|  0%| F|  |TAMS 0x0000000713d00000, 0x0000000713d00000| Untracked 
|  48|0x0000000713e00000, 0x0000000713e00000, 0x0000000713f00000|  0%| F|  |TAMS 0x0000000713e00000, 0x0000000713e00000| Untracked 
|  49|0x0000000713f00000, 0x0000000713f00000, 0x0000000714000000|  0%| F|  |TAMS 0x0000000713f00000, 0x0000000713f00000| Untracked 
|  50|0x0000000714000000, 0x0000000714000000, 0x0000000714100000|  0%| F|  |TAMS 0x0000000714000000, 0x0000000714000000| Untracked 
|  51|0x0000000714100000, 0x0000000714100000, 0x0000000714200000|  0%| F|  |TAMS 0x0000000714100000, 0x0000000714100000| Untracked 
|  52|0x0000000714200000, 0x0000000714200000, 0x0000000714300000|  0%| F|  |TAMS 0x0000000714200000, 0x0000000714200000| Untracked 
|  53|0x0000000714300000, 0x0000000714300000, 0x0000000714400000|  0%| F|  |TAMS 0x0000000714300000, 0x0000000714300000| Untracked 
|  54|0x0000000714400000, 0x0000000714400000, 0x0000000714500000|  0%| F|  |TAMS 0x0000000714400000, 0x0000000714400000| Untracked 
|  55|0x0000000714500000, 0x0000000714500000, 0x0000000714600000|  0%| F|  |TAMS 0x0000000714500000, 0x0000000714500000| Untracked 
|  56|0x0000000714600000, 0x0000000714600000, 0x0000000714700000|  0%| F|  |TAMS 0x0000000714600000, 0x0000000714600000| Untracked 
|  57|0x0000000714700000, 0x0000000714700000, 0x0000000714800000|  0%| F|  |TAMS 0x0000000714700000, 0x0000000714700000| Untracked 
|  58|0x0000000714800000, 0x0000000714800000, 0x0000000714900000|  0%| F|  |TAMS 0x0000000714800000, 0x0000000714800000| Untracked 
|  59|0x0000000714900000, 0x0000000714900000, 0x0000000714a00000|  0%| F|  |TAMS 0x0000000714900000, 0x0000000714900000| Untracked 
|  60|0x0000000714a00000, 0x0000000714a00000, 0x0000000714b00000|  0%| F|  |TAMS 0x0000000714a00000, 0x0000000714a00000| Untracked 
|  61|0x0000000714b00000, 0x0000000714b00000, 0x0000000714c00000|  0%| F|  |TAMS 0x0000000714b00000, 0x0000000714b00000| Untracked 
|  62|0x0000000714c00000, 0x0000000714c00000, 0x0000000714d00000|  0%| F|  |TAMS 0x0000000714c00000, 0x0000000714c00000| Untracked 
|  63|0x0000000714d00000, 0x0000000714d00000, 0x0000000714e00000|  0%| F|  |TAMS 0x0000000714d00000, 0x0000000714d00000| Untracked 
|  64|0x0000000714e00000, 0x0000000714e00000, 0x0000000714f00000|  0%| F|  |TAMS 0x0000000714e00000, 0x0000000714e00000| Untracked 
|  65|0x0000000714f00000, 0x0000000714f00000, 0x0000000715000000|  0%| F|  |TAMS 0x0000000714f00000, 0x0000000714f00000| Untracked 
|  66|0x0000000715000000, 0x0000000715000000, 0x0000000715100000|  0%| F|  |TAMS 0x0000000715000000, 0x0000000715000000| Untracked 
|  67|0x0000000715100000, 0x0000000715100000, 0x0000000715200000|  0%| F|  |TAMS 0x0000000715100000, 0x0000000715100000| Untracked 
|  68|0x0000000715200000, 0x0000000715200000, 0x0000000715300000|  0%| F|  |TAMS 0x0000000715200000, 0x0000000715200000| Untracked 
|  69|0x0000000715300000, 0x0000000715300000, 0x0000000715400000|  0%| F|  |TAMS 0x0000000715300000, 0x0000000715300000| Untracked 
|  70|0x0000000715400000, 0x0000000715400000, 0x0000000715500000|  0%| F|  |TAMS 0x0000000715400000, 0x0000000715400000| Untracked 
|  71|0x0000000715500000, 0x0000000715500000, 0x0000000715600000|  0%| F|  |TAMS 0x0000000715500000, 0x0000000715500000| Untracked 
|  72|0x0000000715600000, 0x0000000715600000, 0x0000000715700000|  0%| F|  |TAMS 0x0000000715600000, 0x0000000715600000| Untracked 
|  73|0x0000000715700000, 0x0000000715700000, 0x0000000715800000|  0%| F|  |TAMS 0x0000000715700000, 0x0000000715700000| Untracked 
|  74|0x0000000715800000, 0x0000000715800000, 0x0000000715900000|  0%| F|  |TAMS 0x0000000715800000, 0x0000000715800000| Untracked 
|  75|0x0000000715900000, 0x0000000715900000, 0x0000000715a00000|  0%| F|  |TAMS 0x0000000715900000, 0x0000000715900000| Untracked 
|  76|0x0000000715a00000, 0x0000000715a00000, 0x0000000715b00000|  0%| F|  |TAMS 0x0000000715a00000, 0x0000000715a00000| Untracked 
|  77|0x0000000715b00000, 0x0000000715b00000, 0x0000000715c00000|  0%| F|  |TAMS 0x0000000715b00000, 0x0000000715b00000| Untracked 
|  78|0x0000000715c00000, 0x0000000715c00000, 0x0000000715d00000|  0%| F|  |TAMS 0x0000000715c00000, 0x0000000715c00000| Untracked 
|  79|0x0000000715d00000, 0x0000000715d00000, 0x0000000715e00000|  0%| F|  |TAMS 0x0000000715d00000, 0x0000000715d00000| Untracked 
|  80|0x0000000715e00000, 0x0000000715e00000, 0x0000000715f00000|  0%| F|  |TAMS 0x0000000715e00000, 0x0000000715e00000| Untracked 
|  81|0x0000000715f00000, 0x0000000715f00000, 0x0000000716000000|  0%| F|  |TAMS 0x0000000715f00000, 0x0000000715f00000| Untracked 
|  82|0x0000000716000000, 0x0000000716000000, 0x0000000716100000|  0%| F|  |TAMS 0x0000000716000000, 0x0000000716000000| Untracked 
|  83|0x0000000716100000, 0x0000000716100000, 0x0000000716200000|  0%| F|  |TAMS 0x0000000716100000, 0x0000000716100000| Untracked 
|  84|0x0000000716200000, 0x0000000716200000, 0x0000000716300000|  0%| F|  |TAMS 0x0000000716200000, 0x0000000716200000| Untracked 
|  85|0x0000000716300000, 0x0000000716300000, 0x0000000716400000|  0%| F|  |TAMS 0x0000000716300000, 0x0000000716300000| Untracked 
|  86|0x0000000716400000, 0x0000000716400000, 0x0000000716500000|  0%| F|  |TAMS 0x0000000716400000, 0x0000000716400000| Untracked 
|  87|0x0000000716500000, 0x0000000716500000, 0x0000000716600000|  0%| F|  |TAMS 0x0000000716500000, 0x0000000716500000| Untracked 
|  88|0x0000000716600000, 0x0000000716600000, 0x0000000716700000|  0%| F|  |TAMS 0x0000000716600000, 0x0000000716600000| Untracked 
|  89|0x0000000716700000, 0x0000000716700000, 0x0000000716800000|  0%| F|  |TAMS 0x0000000716700000, 0x0000000716700000| Untracked 
|  90|0x0000000716800000, 0x0000000716800000, 0x0000000716900000|  0%| F|  |TAMS 0x0000000716800000, 0x0000000716800000| Untracked 
|  91|0x0000000716900000, 0x0000000716900000, 0x0000000716a00000|  0%| F|  |TAMS 0x0000000716900000, 0x0000000716900000| Untracked 
|  92|0x0000000716a00000, 0x0000000716a00000, 0x0000000716b00000|  0%| F|  |TAMS 0x0000000716a00000, 0x0000000716a00000| Untracked 
|  93|0x0000000716b00000, 0x0000000716b00000, 0x0000000716c00000|  0%| F|  |TAMS 0x0000000716b00000, 0x0000000716b00000| Untracked 
|  94|0x0000000716c00000, 0x0000000716c00000, 0x0000000716d00000|  0%| F|  |TAMS 0x0000000716c00000, 0x0000000716c00000| Untracked 
|  95|0x0000000716d00000, 0x0000000716d00000, 0x0000000716e00000|  0%| F|  |TAMS 0x0000000716d00000, 0x0000000716d00000| Untracked 
|  96|0x0000000716e00000, 0x0000000716e00000, 0x0000000716f00000|  0%| F|  |TAMS 0x0000000716e00000, 0x0000000716e00000| Untracked 
|  97|0x0000000716f00000, 0x0000000716f00000, 0x0000000717000000|  0%| F|  |TAMS 0x0000000716f00000, 0x0000000716f00000| Untracked 
|  98|0x0000000717000000, 0x0000000717000000, 0x0000000717100000|  0%| F|  |TAMS 0x0000000717000000, 0x0000000717000000| Untracked 
|  99|0x0000000717100000, 0x0000000717100000, 0x0000000717200000|  0%| F|  |TAMS 0x0000000717100000, 0x0000000717100000| Untracked 
| 100|0x0000000717200000, 0x0000000717200000, 0x0000000717300000|  0%| F|  |TAMS 0x0000000717200000, 0x0000000717200000| Untracked 
| 101|0x0000000717300000, 0x0000000717300000, 0x0000000717400000|  0%| F|  |TAMS 0x0000000717300000, 0x0000000717300000| Untracked 
| 102|0x0000000717400000, 0x0000000717400000, 0x0000000717500000|  0%| F|  |TAMS 0x0000000717400000, 0x0000000717400000| Untracked 
| 103|0x0000000717500000, 0x0000000717500000, 0x0000000717600000|  0%| F|  |TAMS 0x0000000717500000, 0x0000000717500000| Untracked 
| 104|0x0000000717600000, 0x0000000717600000, 0x0000000717700000|  0%| F|  |TAMS 0x0000000717600000, 0x0000000717600000| Untracked 
| 105|0x0000000717700000, 0x0000000717700000, 0x0000000717800000|  0%| F|  |TAMS 0x0000000717700000, 0x0000000717700000| Untracked 
| 106|0x0000000717800000, 0x0000000717800000, 0x0000000717900000|  0%| F|  |TAMS 0x0000000717800000, 0x0000000717800000| Untracked 
| 107|0x0000000717900000, 0x0000000717900000, 0x0000000717a00000|  0%| F|  |TAMS 0x0000000717900000, 0x0000000717900000| Untracked 
| 108|0x0000000717a00000, 0x0000000717a00000, 0x0000000717b00000|  0%| F|  |TAMS 0x0000000717a00000, 0x0000000717a00000| Untracked 
| 109|0x0000000717b00000, 0x0000000717b00000, 0x0000000717c00000|  0%| F|  |TAMS 0x0000000717b00000, 0x0000000717b00000| Untracked 
| 110|0x0000000717c00000, 0x0000000717c00000, 0x0000000717d00000|  0%| F|  |TAMS 0x0000000717c00000, 0x0000000717c00000| Untracked 
| 111|0x0000000717d00000, 0x0000000717d00000, 0x0000000717e00000|  0%| F|  |TAMS 0x0000000717d00000, 0x0000000717d00000| Untracked 
| 112|0x0000000717e00000, 0x0000000717e00000, 0x0000000717f00000|  0%| F|  |TAMS 0x0000000717e00000, 0x0000000717e00000| Untracked 
| 113|0x0000000717f00000, 0x0000000717f00000, 0x0000000718000000|  0%| F|  |TAMS 0x0000000717f00000, 0x0000000717f00000| Untracked 
| 114|0x0000000718000000, 0x0000000718000000, 0x0000000718100000|  0%| F|  |TAMS 0x0000000718000000, 0x0000000718000000| Untracked 
| 115|0x0000000718100000, 0x0000000718100000, 0x0000000718200000|  0%| F|  |TAMS 0x0000000718100000, 0x0000000718100000| Untracked 
| 116|0x0000000718200000, 0x0000000718200000, 0x0000000718300000|  0%| F|  |TAMS 0x0000000718200000, 0x0000000718200000| Untracked 
| 117|0x0000000718300000, 0x0000000718300000, 0x0000000718400000|  0%| F|  |TAMS 0x0000000718300000, 0x0000000718300000| Untracked 
| 118|0x0000000718400000, 0x0000000718400000, 0x0000000718500000|  0%| F|  |TAMS 0x0000000718400000, 0x0000000718400000| Untracked 
| 119|0x0000000718500000, 0x0000000718500000, 0x0000000718600000|  0%| F|  |TAMS 0x0000000718500000, 0x0000000718500000| Untracked 
| 120|0x0000000718600000, 0x0000000718600000, 0x0000000718700000|  0%| F|  |TAMS 0x0000000718600000, 0x0000000718600000| Untracked 
| 121|0x0000000718700000, 0x0000000718700000, 0x0000000718800000|  0%| F|  |TAMS 0x0000000718700000, 0x0000000718700000| Untracked 
| 122|0x0000000718800000, 0x0000000718800000, 0x0000000718900000|  0%| F|  |TAMS 0x0000000718800000, 0x0000000718800000| Untracked 
| 123|0x0000000718900000, 0x0000000718900000, 0x0000000718a00000|  0%| F|  |TAMS 0x0000000718900000, 0x0000000718900000| Untracked 
| 124|0x0000000718a00000, 0x0000000718a00000, 0x0000000718b00000|  0%| F|  |TAMS 0x0000000718a00000, 0x0000000718a00000| Untracked 
| 125|0x0000000718b00000, 0x0000000718b00000, 0x0000000718c00000|  0%| F|  |TAMS 0x0000000718b00000, 0x0000000718b00000| Untracked 
| 126|0x0000000718c00000, 0x0000000718c00000, 0x0000000718d00000|  0%| F|  |TAMS 0x0000000718c00000, 0x0000000718c00000| Untracked 
| 127|0x0000000718d00000, 0x0000000718d00000, 0x0000000718e00000|  0%| F|  |TAMS 0x0000000718d00000, 0x0000000718d00000| Untracked 
| 128|0x0000000718e00000, 0x0000000718e00000, 0x0000000718f00000|  0%| F|  |TAMS 0x0000000718e00000, 0x0000000718e00000| Untracked 
| 129|0x0000000718f00000, 0x0000000718f00000, 0x0000000719000000|  0%| F|  |TAMS 0x0000000718f00000, 0x0000000718f00000| Untracked 
| 130|0x0000000719000000, 0x0000000719000000, 0x0000000719100000|  0%| F|  |TAMS 0x0000000719000000, 0x0000000719000000| Untracked 
| 131|0x0000000719100000, 0x0000000719100000, 0x0000000719200000|  0%| F|  |TAMS 0x0000000719100000, 0x0000000719100000| Untracked 
| 132|0x0000000719200000, 0x0000000719200000, 0x0000000719300000|  0%| F|  |TAMS 0x0000000719200000, 0x0000000719200000| Untracked 
| 133|0x0000000719300000, 0x0000000719300000, 0x0000000719400000|  0%| F|  |TAMS 0x0000000719300000, 0x0000000719300000| Untracked 
| 134|0x0000000719400000, 0x0000000719400000, 0x0000000719500000|  0%| F|  |TAMS 0x0000000719400000, 0x0000000719400000| Untracked 
| 135|0x0000000719500000, 0x0000000719500000, 0x0000000719600000|  0%| F|  |TAMS 0x0000000719500000, 0x0000000719500000| Untracked 
| 136|0x0000000719600000, 0x0000000719600000, 0x0000000719700000|  0%| F|  |TAMS 0x0000000719600000, 0x0000000719600000| Untracked 
| 137|0x0000000719700000, 0x0000000719700000, 0x0000000719800000|  0%| F|  |TAMS 0x0000000719700000, 0x0000000719700000| Untracked 
| 138|0x0000000719800000, 0x0000000719800000, 0x0000000719900000|  0%| F|  |TAMS 0x0000000719800000, 0x0000000719800000| Untracked 
| 139|0x0000000719900000, 0x0000000719900000, 0x0000000719a00000|  0%| F|  |TAMS 0x0000000719900000, 0x0000000719900000| Untracked 
| 140|0x0000000719a00000, 0x0000000719a00000, 0x0000000719b00000|  0%| F|  |TAMS 0x0000000719a00000, 0x0000000719a00000| Untracked 
| 141|0x0000000719b00000, 0x0000000719b00000, 0x0000000719c00000|  0%| F|  |TAMS 0x0000000719b00000, 0x0000000719b00000| Untracked 
| 142|0x0000000719c00000, 0x0000000719c00000, 0x0000000719d00000|  0%| F|  |TAMS 0x0000000719c00000, 0x0000000719c00000| Untracked 
| 143|0x0000000719d00000, 0x0000000719d00000, 0x0000000719e00000|  0%| F|  |TAMS 0x0000000719d00000, 0x0000000719d00000| Untracked 
| 144|0x0000000719e00000, 0x0000000719e00000, 0x0000000719f00000|  0%| F|  |TAMS 0x0000000719e00000, 0x0000000719e00000| Untracked 
| 145|0x0000000719f00000, 0x0000000719f00000, 0x000000071a000000|  0%| F|  |TAMS 0x0000000719f00000, 0x0000000719f00000| Untracked 
| 146|0x000000071a000000, 0x000000071a000000, 0x000000071a100000|  0%| F|  |TAMS 0x000000071a000000, 0x000000071a000000| Untracked 
| 147|0x000000071a100000, 0x000000071a100000, 0x000000071a200000|  0%| F|  |TAMS 0x000000071a100000, 0x000000071a100000| Untracked 
| 148|0x000000071a200000, 0x000000071a200000, 0x000000071a300000|  0%| F|  |TAMS 0x000000071a200000, 0x000000071a200000| Untracked 
| 149|0x000000071a300000, 0x000000071a300000, 0x000000071a400000|  0%| F|  |TAMS 0x000000071a300000, 0x000000071a300000| Untracked 
| 150|0x000000071a400000, 0x000000071a400000, 0x000000071a500000|  0%| F|  |TAMS 0x000000071a400000, 0x000000071a400000| Untracked 
| 151|0x000000071a500000, 0x000000071a500000, 0x000000071a600000|  0%| F|  |TAMS 0x000000071a500000, 0x000000071a500000| Untracked 
| 152|0x000000071a600000, 0x000000071a600000, 0x000000071a700000|  0%| F|  |TAMS 0x000000071a600000, 0x000000071a600000| Untracked 
| 153|0x000000071a700000, 0x000000071a700000, 0x000000071a800000|  0%| F|  |TAMS 0x000000071a700000, 0x000000071a700000| Untracked 
| 154|0x000000071a800000, 0x000000071a800000, 0x000000071a900000|  0%| F|  |TAMS 0x000000071a800000, 0x000000071a800000| Untracked 
| 155|0x000000071a900000, 0x000000071a900000, 0x000000071aa00000|  0%| F|  |TAMS 0x000000071a900000, 0x000000071a900000| Untracked 
| 156|0x000000071aa00000, 0x000000071aa00000, 0x000000071ab00000|  0%| F|  |TAMS 0x000000071aa00000, 0x000000071aa00000| Untracked 
| 157|0x000000071ab00000, 0x000000071ab00000, 0x000000071ac00000|  0%| F|  |TAMS 0x000000071ab00000, 0x000000071ab00000| Untracked 
| 158|0x000000071ac00000, 0x000000071ac00000, 0x000000071ad00000|  0%| F|  |TAMS 0x000000071ac00000, 0x000000071ac00000| Untracked 
| 159|0x000000071ad00000, 0x000000071ad00000, 0x000000071ae00000|  0%| F|  |TAMS 0x000000071ad00000, 0x000000071ad00000| Untracked 
| 160|0x000000071ae00000, 0x000000071ae00000, 0x000000071af00000|  0%| F|  |TAMS 0x000000071ae00000, 0x000000071ae00000| Untracked 
| 161|0x000000071af00000, 0x000000071af00000, 0x000000071b000000|  0%| F|  |TAMS 0x000000071af00000, 0x000000071af00000| Untracked 
| 162|0x000000071b000000, 0x000000071b000000, 0x000000071b100000|  0%| F|  |TAMS 0x000000071b000000, 0x000000071b000000| Untracked 
| 163|0x000000071b100000, 0x000000071b100000, 0x000000071b200000|  0%| F|  |TAMS 0x000000071b100000, 0x000000071b100000| Untracked 
| 164|0x000000071b200000, 0x000000071b200000, 0x000000071b300000|  0%| F|  |TAMS 0x000000071b200000, 0x000000071b200000| Untracked 
| 165|0x000000071b300000, 0x000000071b300000, 0x000000071b400000|  0%| F|  |TAMS 0x000000071b300000, 0x000000071b300000| Untracked 
| 166|0x000000071b400000, 0x000000071b400000, 0x000000071b500000|  0%| F|  |TAMS 0x000000071b400000, 0x000000071b400000| Untracked 
| 167|0x000000071b500000, 0x000000071b500000, 0x000000071b600000|  0%| F|  |TAMS 0x000000071b500000, 0x000000071b500000| Untracked 
| 168|0x000000071b600000, 0x000000071b600000, 0x000000071b700000|  0%| F|  |TAMS 0x000000071b600000, 0x000000071b600000| Untracked 
| 169|0x000000071b700000, 0x000000071b700000, 0x000000071b800000|  0%| F|  |TAMS 0x000000071b700000, 0x000000071b700000| Untracked 
| 170|0x000000071b800000, 0x000000071b800000, 0x000000071b900000|  0%| F|  |TAMS 0x000000071b800000, 0x000000071b800000| Untracked 
| 171|0x000000071b900000, 0x000000071b900000, 0x000000071ba00000|  0%| F|  |TAMS 0x000000071b900000, 0x000000071b900000| Untracked 
| 172|0x000000071ba00000, 0x000000071ba00000, 0x000000071bb00000|  0%| F|  |TAMS 0x000000071ba00000, 0x000000071ba00000| Untracked 
| 173|0x000000071bb00000, 0x000000071bb00000, 0x000000071bc00000|  0%| F|  |TAMS 0x000000071bb00000, 0x000000071bb00000| Untracked 
| 174|0x000000071bc00000, 0x000000071bc00000, 0x000000071bd00000|  0%| F|  |TAMS 0x000000071bc00000, 0x000000071bc00000| Untracked 
| 175|0x000000071bd00000, 0x000000071bd00000, 0x000000071be00000|  0%| F|  |TAMS 0x000000071bd00000, 0x000000071bd00000| Untracked 
| 176|0x000000071be00000, 0x000000071be00000, 0x000000071bf00000|  0%| F|  |TAMS 0x000000071be00000, 0x000000071be00000| Untracked 
| 177|0x000000071bf00000, 0x000000071bf00000, 0x000000071c000000|  0%| F|  |TAMS 0x000000071bf00000, 0x000000071bf00000| Untracked 
| 178|0x000000071c000000, 0x000000071c000000, 0x000000071c100000|  0%| F|  |TAMS 0x000000071c000000, 0x000000071c000000| Untracked 
| 179|0x000000071c100000, 0x000000071c100000, 0x000000071c200000|  0%| F|  |TAMS 0x000000071c100000, 0x000000071c100000| Untracked 
| 180|0x000000071c200000, 0x000000071c200000, 0x000000071c300000|  0%| F|  |TAMS 0x000000071c200000, 0x000000071c200000| Untracked 
| 181|0x000000071c300000, 0x000000071c300000, 0x000000071c400000|  0%| F|  |TAMS 0x000000071c300000, 0x000000071c300000| Untracked 
| 182|0x000000071c400000, 0x000000071c400000, 0x000000071c500000|  0%| F|  |TAMS 0x000000071c400000, 0x000000071c400000| Untracked 
| 183|0x000000071c500000, 0x000000071c500000, 0x000000071c600000|  0%| F|  |TAMS 0x000000071c500000, 0x000000071c500000| Untracked 
| 184|0x000000071c600000, 0x000000071c600000, 0x000000071c700000|  0%| F|  |TAMS 0x000000071c600000, 0x000000071c600000| Untracked 
| 185|0x000000071c700000, 0x000000071c700000, 0x000000071c800000|  0%| F|  |TAMS 0x000000071c700000, 0x000000071c700000| Untracked 
| 186|0x000000071c800000, 0x000000071c800000, 0x000000071c900000|  0%| F|  |TAMS 0x000000071c800000, 0x000000071c800000| Untracked 
| 187|0x000000071c900000, 0x000000071c900000, 0x000000071ca00000|  0%| F|  |TAMS 0x000000071c900000, 0x000000071c900000| Untracked 
| 188|0x000000071ca00000, 0x000000071ca00000, 0x000000071cb00000|  0%| F|  |TAMS 0x000000071ca00000, 0x000000071ca00000| Untracked 
| 189|0x000000071cb00000, 0x000000071cb00000, 0x000000071cc00000|  0%| F|  |TAMS 0x000000071cb00000, 0x000000071cb00000| Untracked 
| 190|0x000000071cc00000, 0x000000071cc00000, 0x000000071cd00000|  0%| F|  |TAMS 0x000000071cc00000, 0x000000071cc00000| Untracked 
| 191|0x000000071cd00000, 0x000000071cd00000, 0x000000071ce00000|  0%| F|  |TAMS 0x000000071cd00000, 0x000000071cd00000| Untracked 
| 192|0x000000071ce00000, 0x000000071ce00000, 0x000000071cf00000|  0%| F|  |TAMS 0x000000071ce00000, 0x000000071ce00000| Untracked 
| 193|0x000000071cf00000, 0x000000071cf00000, 0x000000071d000000|  0%| F|  |TAMS 0x000000071cf00000, 0x000000071cf00000| Untracked 
| 194|0x000000071d000000, 0x000000071d000000, 0x000000071d100000|  0%| F|  |TAMS 0x000000071d000000, 0x000000071d000000| Untracked 
| 195|0x000000071d100000, 0x000000071d100000, 0x000000071d200000|  0%| F|  |TAMS 0x000000071d100000, 0x000000071d100000| Untracked 
| 196|0x000000071d200000, 0x000000071d200000, 0x000000071d300000|  0%| F|  |TAMS 0x000000071d200000, 0x000000071d200000| Untracked 
| 197|0x000000071d300000, 0x000000071d300000, 0x000000071d400000|  0%| F|  |TAMS 0x000000071d300000, 0x000000071d300000| Untracked 
| 198|0x000000071d400000, 0x000000071d400000, 0x000000071d500000|  0%| F|  |TAMS 0x000000071d400000, 0x000000071d400000| Untracked 
| 199|0x000000071d500000, 0x000000071d500000, 0x000000071d600000|  0%| F|  |TAMS 0x000000071d500000, 0x000000071d500000| Untracked 
| 200|0x000000071d600000, 0x000000071d600000, 0x000000071d700000|  0%| F|  |TAMS 0x000000071d600000, 0x000000071d600000| Untracked 
| 201|0x000000071d700000, 0x000000071d700000, 0x000000071d800000|  0%| F|  |TAMS 0x000000071d700000, 0x000000071d700000| Untracked 
| 202|0x000000071d800000, 0x000000071d800000, 0x000000071d900000|  0%| F|  |TAMS 0x000000071d800000, 0x000000071d800000| Untracked 
| 203|0x000000071d900000, 0x000000071d900000, 0x000000071da00000|  0%| F|  |TAMS 0x000000071d900000, 0x000000071d900000| Untracked 
| 204|0x000000071da00000, 0x000000071da00000, 0x000000071db00000|  0%| F|  |TAMS 0x000000071da00000, 0x000000071da00000| Untracked 
| 205|0x000000071db00000, 0x000000071db00000, 0x000000071dc00000|  0%| F|  |TAMS 0x000000071db00000, 0x000000071db00000| Untracked 
| 206|0x000000071dc00000, 0x000000071dc00000, 0x000000071dd00000|  0%| F|  |TAMS 0x000000071dc00000, 0x000000071dc00000| Untracked 
| 207|0x000000071dd00000, 0x000000071dd00000, 0x000000071de00000|  0%| F|  |TAMS 0x000000071dd00000, 0x000000071dd00000| Untracked 
| 208|0x000000071de00000, 0x000000071de00000, 0x000000071df00000|  0%| F|  |TAMS 0x000000071de00000, 0x000000071de00000| Untracked 
| 209|0x000000071df00000, 0x000000071df00000, 0x000000071e000000|  0%| F|  |TAMS 0x000000071df00000, 0x000000071df00000| Untracked 
| 210|0x000000071e000000, 0x000000071e000000, 0x000000071e100000|  0%| F|  |TAMS 0x000000071e000000, 0x000000071e000000| Untracked 
| 211|0x000000071e100000, 0x000000071e100000, 0x000000071e200000|  0%| F|  |TAMS 0x000000071e100000, 0x000000071e100000| Untracked 
| 212|0x000000071e200000, 0x000000071e200000, 0x000000071e300000|  0%| F|  |TAMS 0x000000071e200000, 0x000000071e200000| Untracked 
| 213|0x000000071e300000, 0x000000071e300000, 0x000000071e400000|  0%| F|  |TAMS 0x000000071e300000, 0x000000071e300000| Untracked 
| 214|0x000000071e400000, 0x000000071e400000, 0x000000071e500000|  0%| F|  |TAMS 0x000000071e400000, 0x000000071e400000| Untracked 
| 215|0x000000071e500000, 0x000000071e500000, 0x000000071e600000|  0%| F|  |TAMS 0x000000071e500000, 0x000000071e500000| Untracked 
| 216|0x000000071e600000, 0x000000071e600000, 0x000000071e700000|  0%| F|  |TAMS 0x000000071e600000, 0x000000071e600000| Untracked 
| 217|0x000000071e700000, 0x000000071e700000, 0x000000071e800000|  0%| F|  |TAMS 0x000000071e700000, 0x000000071e700000| Untracked 
| 218|0x000000071e800000, 0x000000071e800000, 0x000000071e900000|  0%| F|  |TAMS 0x000000071e800000, 0x000000071e800000| Untracked 
| 219|0x000000071e900000, 0x000000071e900000, 0x000000071ea00000|  0%| F|  |TAMS 0x000000071e900000, 0x000000071e900000| Untracked 
| 220|0x000000071ea00000, 0x000000071ea00000, 0x000000071eb00000|  0%| F|  |TAMS 0x000000071ea00000, 0x000000071ea00000| Untracked 
| 221|0x000000071eb00000, 0x000000071eb00000, 0x000000071ec00000|  0%| F|  |TAMS 0x000000071eb00000, 0x000000071eb00000| Untracked 
| 222|0x000000071ec00000, 0x000000071ec00000, 0x000000071ed00000|  0%| F|  |TAMS 0x000000071ec00000, 0x000000071ec00000| Untracked 
| 223|0x000000071ed00000, 0x000000071ed00000, 0x000000071ee00000|  0%| F|  |TAMS 0x000000071ed00000, 0x000000071ed00000| Untracked 
| 224|0x000000071ee00000, 0x000000071ee00000, 0x000000071ef00000|  0%| F|  |TAMS 0x000000071ee00000, 0x000000071ee00000| Untracked 
| 225|0x000000071ef00000, 0x000000071ef00000, 0x000000071f000000|  0%| F|  |TAMS 0x000000071ef00000, 0x000000071ef00000| Untracked 
| 226|0x000000071f000000, 0x000000071f000000, 0x000000071f100000|  0%| F|  |TAMS 0x000000071f000000, 0x000000071f000000| Untracked 
| 227|0x000000071f100000, 0x000000071f100000, 0x000000071f200000|  0%| F|  |TAMS 0x000000071f100000, 0x000000071f100000| Untracked 
| 228|0x000000071f200000, 0x000000071f200000, 0x000000071f300000|  0%| F|  |TAMS 0x000000071f200000, 0x000000071f200000| Untracked 
| 229|0x000000071f300000, 0x000000071f300000, 0x000000071f400000|  0%| F|  |TAMS 0x000000071f300000, 0x000000071f300000| Untracked 
| 230|0x000000071f400000, 0x000000071f400000, 0x000000071f500000|  0%| F|  |TAMS 0x000000071f400000, 0x000000071f400000| Untracked 
| 231|0x000000071f500000, 0x000000071f500000, 0x000000071f600000|  0%| F|  |TAMS 0x000000071f500000, 0x000000071f500000| Untracked 
| 232|0x000000071f600000, 0x000000071f600000, 0x000000071f700000|  0%| F|  |TAMS 0x000000071f600000, 0x000000071f600000| Untracked 
| 233|0x000000071f700000, 0x000000071f700000, 0x000000071f800000|  0%| F|  |TAMS 0x000000071f700000, 0x000000071f700000| Untracked 
| 234|0x000000071f800000, 0x000000071f800000, 0x000000071f900000|  0%| F|  |TAMS 0x000000071f800000, 0x000000071f800000| Untracked 
| 235|0x000000071f900000, 0x000000071f900000, 0x000000071fa00000|  0%| F|  |TAMS 0x000000071f900000, 0x000000071f900000| Untracked 
| 236|0x000000071fa00000, 0x000000071fa00000, 0x000000071fb00000|  0%| F|  |TAMS 0x000000071fa00000, 0x000000071fa00000| Untracked 
| 237|0x000000071fb00000, 0x000000071fb00000, 0x000000071fc00000|  0%| F|  |TAMS 0x000000071fb00000, 0x000000071fb00000| Untracked 
| 238|0x000000071fc00000, 0x000000071fc7b660, 0x000000071fd00000| 48%| E|  |TAMS 0x000000071fc00000, 0x000000071fc00000| Complete 
| 239|0x000000071fd00000, 0x000000071fe00000, 0x000000071fe00000|100%| E|CS|TAMS 0x000000071fd00000, 0x000000071fd00000| Complete 

Card table byte_map: [0x0000021679d40000,0x000002167a4c0000] _byte_map_base: 0x00000216764b9000

Marking Bits (Prev, Next): (CMBitMap*) 0x0000021666681108, (CMBitMap*) 0x0000021666681140
 Prev Bits: [0x000002167ac40000, 0x000002167e808000)
 Next Bits: [0x0000021600000000, 0x0000021603bc8000)

Polling page: 0x0000021665e00000

Metaspace:

Usage:
  Non-class:      4.00 MB capacity,     3.01 MB ( 75%) used,  1014.03 KB ( 25%) free+waste,    64 bytes ( <1%) overhead. 
      Class:    384.00 KB capacity,   291.78 KB ( 76%) used,    92.16 KB ( 24%) free+waste,    64 bytes ( <1%) overhead. 
       Both:      4.38 MB capacity,     3.29 MB ( 75%) used,     1.08 MB ( 25%) free+waste,   128 bytes ( <1%) overhead. 

Virtual space:
  Non-class space:        8.00 MB reserved,       4.00 MB ( 50%) committed 
      Class space:        1.00 GB reserved,     384.00 KB ( <1%) committed 
             Both:        1.01 GB reserved,       4.38 MB ( <1%) committed 

Chunk freelists:
   Non-Class:  0 bytes
       Class:  0 bytes
        Both:  0 bytes

MaxMetaspaceSize: 17179869184.00 GB
CompressedClassSpaceSize: 1.00 GB
Initial GC threshold: 20.80 MB
Current GC threshold: 20.80 MB
CDS: off

CodeHeap 'non-profiled nmethods': size=120000Kb used=9Kb max_used=9Kb free=119991Kb
 bounds [0x0000021671d50000, 0x0000021671fc0000, 0x0000021679280000]
CodeHeap 'profiled nmethods': size=120000Kb used=52Kb max_used=52Kb free=119947Kb
 bounds [0x000002166a820000, 0x000002166aa90000, 0x0000021671d50000]
CodeHeap 'non-nmethods': size=5760Kb used=1017Kb max_used=1029Kb free=4742Kb
 bounds [0x000002166a280000, 0x000002166a4f0000, 0x000002166a820000]
 total_blobs=281 nmethods=47 adapters=147
 compilation: enabled
              stopped_count=0, restarted_count=0
 full_count=0

Compilation events (20 events):
Event: 0.129 Thread 0x000002167fc70000 nmethod 34 0x000002166a829990 code [0x000002166a829bc0, 0x000002166a82a248]
Event: 0.130 Thread 0x000002167fc70000   36       3       java.util.ImmutableCollections$SetN$SetNIterator::hasNext (13 bytes)
Event: 0.130 Thread 0x000002167fc70000 nmethod 36 0x000002166a82a490 code [0x000002166a82a640, 0x000002166a82a798]
Event: 0.130 Thread 0x000002167fc70000   37       3       java.util.ImmutableCollections$SetN$SetNIterator::nextIndex (56 bytes)
Event: 0.131 Thread 0x000002167fc70000 nmethod 37 0x000002166a82a810 code [0x000002166a82a9c0, 0x000002166a82ab38]
Event: 0.131 Thread 0x000002167fc70000   38       3       java.util.ImmutableCollections$SetN$SetNIterator::next (47 bytes)
Event: 0.131 Thread 0x000002167fc70000 nmethod 38 0x000002166a82ac10 code [0x000002166a82ae00, 0x000002166a82b198]
Event: 0.131 Thread 0x000002167fc70000   35       3       java.util.concurrent.ConcurrentHashMap::spread (10 bytes)
Event: 0.131 Thread 0x000002167fc70000 nmethod 35 0x000002166a82b310 code [0x000002166a82b4c0, 0x000002166a82b5b8]
Event: 0.132 Thread 0x000002167fc70000   39       1       java.util.KeyValueHolder::getKey (5 bytes)
Event: 0.132 Thread 0x000002167fc70000 nmethod 39 0x0000021671d50d10 code [0x0000021671d50ec0, 0x0000021671d50f78]
Event: 0.132 Thread 0x000002167fc70000   41       3       java.util.ImmutableCollections$MapN::probe (60 bytes)
Event: 0.133 Thread 0x000002167fc70000 nmethod 41 0x000002166a82b690 code [0x000002166a82b880, 0x000002166a82be38]
Event: 0.133 Thread 0x000002167fc70000   40       1       java.util.KeyValueHolder::getValue (5 bytes)
Event: 0.133 Thread 0x000002167fc70000 nmethod 40 0x0000021671d51010 code [0x0000021671d511c0, 0x0000021671d51278]
Event: 0.133 Thread 0x000002167fc70000   42       3       java.util.Set::of (66 bytes)
Event: 0.133 Thread 0x000002167fc70000 nmethod 42 0x000002166a82c090 code [0x000002166a82c2c0, 0x000002166a82cac8]
Event: 0.133 Thread 0x000002167fc70000   43       3       java.util.HashMap::hash (20 bytes)
Event: 0.133 Thread 0x000002167fc70000 nmethod 43 0x000002166a82cd90 code [0x000002166a82cf40, 0x000002166a82d148]
Event: 0.133 Thread 0x000002167fc70000   44   !   3       java.util.concurrent.ConcurrentHashMap::putVal (432 bytes)

GC Heap History (0 events):
No events

Deoptimization events (0 events):
No events

Classes redefined (0 events):
No events

Internal exceptions (0 events):
No events

Events (20 events):
Event: 0.133 loading class jdk/internal/module/ModuleLoaderMap$Mapper
Event: 0.133 loading class java/util/function/Function
Event: 0.133 loading class java/util/function/Function done
Event: 0.133 loading class jdk/internal/module/ModuleLoaderMap$Mapper done
Event: 0.134 loading class java/util/concurrent/ConcurrentHashMap$ForwardingNode
Event: 0.134 loading class java/util/concurrent/ConcurrentHashMap$ForwardingNode done
Event: 0.135 loading class java/lang/ModuleLayer
Event: 0.135 loading class java/lang/ModuleLayer done
Event: 0.136 loading class java/util/ImmutableCollections$ListItr
Event: 0.136 loading class java/util/ListIterator
Event: 0.136 loading class java/util/ListIterator done
Event: 0.136 loading class java/util/ImmutableCollections$ListItr done
Event: 0.136 loading class java/util/ArrayList$Itr
Event: 0.136 loading class java/util/ArrayList$Itr done
Event: 0.138 loading class java/util/Collections$UnmodifiableSet
Event: 0.138 loading class java/util/Collections$UnmodifiableCollection
Event: 0.138 loading class java/util/Collections$UnmodifiableCollection done
Event: 0.138 loading class java/util/Collections$UnmodifiableSet done
Event: 0.138 loading class java/util/Collections$UnmodifiableCollection$1
Event: 0.138 loading class java/util/Collections$UnmodifiableCollection$1 done


Dynamic libraries:
0x00007ff62d0e0000 - 0x00007ff62d0ea000 	C:\Users\barba\AppData\Local\JetBrains\Toolbox\apps\Rider\ch-0\221.5080.236\jbr\bin\java.exe
0x00007ffacfd00000 - 0x00007ffacff09000 	C:\WINDOWS\SYSTEM32\ntdll.dll
0x00007fface890000 - 0x00007fface94d000 	C:\WINDOWS\System32\KERNEL32.DLL
0x00007ffacd3b0000 - 0x00007ffacd724000 	C:\WINDOWS\System32\KERNELBASE.dll
0x00007ffacd290000 - 0x00007ffacd3a1000 	C:\WINDOWS\System32\ucrtbase.dll
0x00007ffac8350000 - 0x00007ffac8369000 	C:\Users\barba\AppData\Local\JetBrains\Toolbox\apps\Rider\ch-0\221.5080.236\jbr\bin\jli.dll
0x00007ffabe080000 - 0x00007ffabe096000 	C:\Users\barba\AppData\Local\JetBrains\Toolbox\apps\Rider\ch-0\221.5080.236\jbr\bin\VCRUNTIME140.dll
0x00007fface370000 - 0x00007fface51c000 	C:\WINDOWS\System32\USER32.dll
0x00007ffaa7860000 - 0x00007ffaa7b05000 	C:\WINDOWS\WinSxS\amd64_microsoft.windows.common-controls_6595b64144ccf1df_6.0.22000.120_none_9d947278b86cc467\COMCTL32.dll
0x00007ffacd820000 - 0x00007ffacd846000 	C:\WINDOWS\System32\win32u.dll
0x00007fface770000 - 0x00007fface813000 	C:\WINDOWS\System32\msvcrt.dll
0x00007ffacdec0000 - 0x00007ffacdee9000 	C:\WINDOWS\System32\GDI32.dll
0x00007ffacd850000 - 0x00007ffacd962000 	C:\WINDOWS\System32\gdi32full.dll
0x00007ffacd1f0000 - 0x00007ffacd28d000 	C:\WINDOWS\System32\msvcp_win.dll
0x00007ffacefa0000 - 0x00007ffacefd1000 	C:\WINDOWS\System32\IMM32.DLL
0x00007ffabd1b0000 - 0x00007ffabd25a000 	C:\Users\barba\AppData\Local\JetBrains\Toolbox\apps\Rider\ch-0\221.5080.236\jbr\bin\msvcp140.dll
0x00007ffa29520000 - 0x00007ffa2a0aa000 	C:\Users\barba\AppData\Local\JetBrains\Toolbox\apps\Rider\ch-0\221.5080.236\jbr\bin\server\jvm.dll
0x00007ffacde10000 - 0x00007ffacdebe000 	C:\WINDOWS\System32\ADVAPI32.dll
0x00007ffacf300000 - 0x00007ffacf39e000 	C:\WINDOWS\System32\sechost.dll
0x00007ffacf100000 - 0x00007ffacf220000 	C:\WINDOWS\System32\RPCRT4.dll
0x00007ffacefe0000 - 0x00007ffacefe8000 	C:\WINDOWS\System32\PSAPI.DLL
0x00007ffaca650000 - 0x00007ffaca683000 	C:\WINDOWS\SYSTEM32\WINMM.dll
0x00007ffac58b0000 - 0x00007ffac58ba000 	C:\WINDOWS\SYSTEM32\VERSION.dll
0x00007ffa9f730000 - 0x00007ffa9f739000 	C:\WINDOWS\SYSTEM32\WSOCK32.dll
0x00007fface820000 - 0x00007fface88f000 	C:\WINDOWS\System32\WS2_32.dll
0x00007ffacc2c0000 - 0x00007ffacc2d8000 	C:\WINDOWS\SYSTEM32\kernel.appcore.dll
0x00007ffabe020000 - 0x00007ffabe031000 	C:\Users\barba\AppData\Local\JetBrains\Toolbox\apps\Rider\ch-0\221.5080.236\jbr\bin\verify.dll
0x00007ffaca070000 - 0x00007ffaca291000 	C:\WINDOWS\SYSTEM32\DBGHELP.DLL
0x00007ffab7480000 - 0x00007ffab74b1000 	C:\WINDOWS\SYSTEM32\dbgcore.DLL
0x00007ffacd7a0000 - 0x00007ffacd81f000 	C:\WINDOWS\System32\bcryptPrimitives.dll
0x00007ffabaa90000 - 0x00007ffabaab9000 	C:\Users\barba\AppData\Local\JetBrains\Toolbox\apps\Rider\ch-0\221.5080.236\jbr\bin\java.dll
0x00007ffabe5f0000 - 0x00007ffabe5fb000 	C:\Users\barba\AppData\Local\JetBrains\Toolbox\apps\Rider\ch-0\221.5080.236\jbr\bin\jimage.dll
0x00007ffabd190000 - 0x00007ffabd1a9000 	C:\Users\barba\AppData\Local\JetBrains\Toolbox\apps\Rider\ch-0\221.5080.236\jbr\bin\zip.dll
0x00007ffacf4b0000 - 0x00007ffacfc5f000 	C:\WINDOWS\System32\SHELL32.dll
0x00007ffacb320000 - 0x00007ffacbb88000 	C:\WINDOWS\SYSTEM32\windows.storage.dll
0x00007fface960000 - 0x00007ffacecd8000 	C:\WINDOWS\System32\combase.dll
0x00007ffacb1b0000 - 0x00007ffacb316000 	C:\WINDOWS\SYSTEM32\wintypes.dll
0x00007ffacf3c0000 - 0x00007ffacf4aa000 	C:\WINDOWS\System32\SHCORE.dll
0x00007fface5f0000 - 0x00007fface64d000 	C:\WINDOWS\System32\shlwapi.dll
0x00007ffacd120000 - 0x00007ffacd141000 	C:\WINDOWS\SYSTEM32\profapi.dll

dbghelp: loaded successfully - version: 4.0.5 - missing functions: none
symbol engine: initialized successfully - sym options: 0x614 - pdb path: .;C:\Users\barba\AppData\Local\JetBrains\Toolbox\apps\Rider\ch-0\221.5080.236\jbr\bin;C:\WINDOWS\SYSTEM32;C:\WINDOWS\WinSxS\amd64_microsoft.windows.common-controls_6595b64144ccf1df_6.0.22000.120_none_9d947278b86cc467;C:\Users\barba\AppData\Local\JetBrains\Toolbox\apps\Rider\ch-0\221.5080.236\jbr\bin\server

VM Arguments:
java_command: git4idea.http.GitAskPassApp Password for 'https://yanawishnya@github.com': 
java_class_path (initial): C:/Users/barba/AppData/Local/JetBrains/Toolbox/apps/Rider/ch-0/221.5080.236/plugins/git4idea/lib/git4idea-rt.jar;C:/Users/barba/AppData/Local/JetBrains/Toolbox/apps/Rider/ch-0/221.5080.236/lib/externalProcess-rt.jar;C:/Users/barba/AppData/Local/JetBrains/Toolbox/apps/Rider/ch-0/221.5080.236/lib/app.jar;C:/Users/barba/AppData/Local/JetBrains/Toolbox/apps/Rider/ch-0/221.5080.236/lib/3rd-party-rt.jar
Launcher Type: SUN_STANDARD

[Global flags]
     intx CICompilerCount                          = 4                                         {product} {ergonomic}
     uint ConcGCThreads                            = 2                                         {product} {ergonomic}
     uint G1ConcRefinementThreads                  = 8                                         {product} {ergonomic}
   size_t G1HeapRegionSize                         = 1048576                                   {product} {ergonomic}
    uintx GCDrainStackTargetSize                   = 64                                        {product} {ergonomic}
   size_t InitialHeapSize                          = 251658240                                 {product} {ergonomic}
   size_t MarkStackSize                            = 4194304                                   {product} {ergonomic}
   size_t MaxHeapSize                              = 4011851776                                {product} {ergonomic}
   size_t MaxNewSize                               = 2406481920                                {product} {ergonomic}
   size_t MinHeapDeltaBytes                        = 1048576                                   {product} {ergonomic}
    uintx NonNMethodCodeHeapSize                   = 5836300                                {pd product} {ergonomic}
    uintx NonProfiledCodeHeapSize                  = 122910970                              {pd product} {ergonomic}
    uintx ProfiledCodeHeapSize                     = 122910970                              {pd product} {ergonomic}
    uintx ReservedCodeCacheSize                    = 251658240                              {pd product} {ergonomic}
     bool SegmentedCodeCache                       = true                                      {product} {ergonomic}
     bool UseCompressedClassPointers               = true                                 {lp64_product} {ergonomic}
     bool UseCompressedOops                        = true                                 {lp64_product} {ergonomic}
     bool UseG1GC                                  = true                                      {product} {ergonomic}
     bool UseLargePagesIndividualAllocation        = false                                  {pd product} {ergonomic}

Logging:
Log output configuration:
 #0: stdout all=warning uptime,level,tags
 #1: stderr all=off uptime,level,tags

Environment Variables:
PATH=D:\Git\mingw64\libexec\git-core;D:\Git\mingw64\libexec\git-core;D:\Git\mingw64\bin;D:\Git\usr\bin;C:\Users\barba\bin;C:\Program Files\Microsoft MPI\Bin;C:\Program Files (x86)\Common Files\Oracle\Java\javapath;C:\Python39\Scripts;C:\Python39;C:\WINDOWS\system32;C:\WINDOWS;C:\WINDOWS\System32\Wbem;C:\WINDOWS\System32\WindowsPowerShell\v1.0;C:\WINDOWS\System32\OpenSSH;C:\Program Files\Microsoft SQL Server\Client SDK\ODBC\170\Tools\Binn;C:\Program Files (x86)\Microsoft SQL Server\150\Tools\Binn;C:\Program Files\Microsoft SQL Server\150\Tools\Binn;C:\Program Files\Microsoft SQL Server\150\DTS\Binn;C:\Program Files\dotnet;C:\Program Files\Microsoft SQL Server\130\Tools\Binn;D:\;C:\ProgramData\chocolatey\bin;D:\Git\cmd;C:\Program Files\MATLAB\R2020b\bin;C:\Program Files (x86)\dotnet;C:\Program Files\Azure Data Studio\bin;C:\Program Files (x86)\Microsoft SQL Server\150\DTS\Binn;C:\Users\barba\AppData\Local\Microsoft\WindowsApps;C:\Users\barba\AppData\Local\Programs\Microsoft VS Code\bin;C:\Users\barba\.dotnet\tools;C:\texlive\2020\bin\win32;C:\Users\barba\AppData\Roaming\npm;C:\Users\barba\.dotnet\tools;C:\Program Files\Azure Data Studio\bin;C:\Users\barba\AppData\Local\Microsoft\WindowsApps
USERNAME=barba
DISPLAY=:0.0
LC_ALL=en_US.UTF-8
OS=Windows_NT
PROCESSOR_IDENTIFIER=AMD64 Family 23 Model 24 Stepping 1, AuthenticAMD



---------------  S Y S T E M  ---------------

OS: Windows 11 , 64 bit Build 22000 (10.0.22000.613)
OS uptime: 1 days 21:13 hours
Hyper-V role detected

CPU:total 8 (initial active 8) (8 cores per cpu, 2 threads per core) family 23 model 24 stepping 1 microcode 0x0, cmov, cx8, fxsr, mmx, sse, sse2, sse3, ssse3, sse4.1, sse4.2, popcnt, avx, avx2, aes, clmul, mmxext, 3dnowpref, lzcnt, sse4a, ht, tsc, tscinvbit, tscinv, bmi1, bmi2, adx, sha, fma

Memory: 4k page, system-wide physical 15297M (3802M free)
TotalPageFile size 19265M (AvailPageFile size 3M)
current process WorkingSet (physical memory assigned to process): 37M, peak: 37M
current process commit charge ("private bytes"): 320M, peak: 320M

vm_info: Dynamic Code Evolution 64-Bit Server VM (11.0.14.1+1-b2043.25) for windows-amd64 JRE (11.0.14.1+1-b2043.25), built on Mar 30 2022 04:28:40 by "" with MS VC++ 14.0 (VS2015)

END.
