#
# There is insufficient memory for the Java Runtime Environment to continue.
# Native memory allocation (malloc) failed to allocate 524288 bytes for AllocateHeap
# Possible reasons:
#   The system is out of physical RAM or swap space
#   The process is running with CompressedOops enabled, and the Java Heap may be blocking the growth of the native heap
# Possible solutions:
#   Reduce memory load on the system
#   Increase physical memory or swap space
#   Check if swap backing store is full
#   Decrease Java heap size (-Xmx/-Xms)
#   Decrease number of Java threads
#   Decrease Java thread stack sizes (-Xss)
#   Set larger code cache with -XX:ReservedCodeCacheSize=
#   JVM is running with Zero Based Compressed Oops mode in which the Java heap is
#     placed in the first 32GB address space. The Java Heap base address is the
#     maximum limit for the native heap growth. Please use -XX:HeapBaseMinAddress
#     to set the Java Heap base and to place the Java Heap above 32GB virtual address.
# This output file may be truncated or incomplete.
#
#  Out of Memory Error (src/hotspot/share/memory/allocation.cpp:46), pid=20396, tid=21092
#
# JRE version:  (11.0.14.1+1) (build )
# Java VM: Dynamic Code Evolution 64-Bit Server VM (11.0.14.1+1-b2043.25, mixed mode, tiered, compressed oops, g1 gc, windows-amd64)
# No core dump will be written. Minidumps are not enabled by default on client versions of Windows
#

---------------  S U M M A R Y ------------

Command Line: git4idea.http.GitAskPassApp Username for 'https://github.com': 

Host: AMD Ryzen 5 3500U with Radeon Vega Mobile Gfx  , 8 cores, 14G,  Windows 11 , 64 bit Build 22000 (10.0.22000.613)
Time: Wed Apr 27 15:37:57 2022 RTZ 2 (зима) elapsed time: 0.064523 seconds (0d 0h 0m 0s)

---------------  T H R E A D  ---------------

Current thread (0x0000026116324000):  JavaThread "Unknown thread" [_thread_in_vm, id=21092, stack(0x000000958b800000,0x000000958b900000)]

Stack: [0x000000958b800000,0x000000958b900000]
Native frames: (J=compiled Java code, j=interpreted, Vv=VM code, C=native code)
V  [jvm.dll+0x621b3a]
V  [jvm.dll+0x7a8cf0]
V  [jvm.dll+0x7aa30d]
V  [jvm.dll+0x7aa9e3]
V  [jvm.dll+0x2512c8]
V  [jvm.dll+0xb8ac4]
V  [jvm.dll+0x7016af]
V  [jvm.dll+0x701647]
V  [jvm.dll+0x7017ca]
V  [jvm.dll+0x785372]
V  [jvm.dll+0x787877]
V  [jvm.dll+0x36e339]
V  [jvm.dll+0x76973e]
V  [jvm.dll+0x3dc913]
V  [jvm.dll+0x3deeb1]
C  [jli.dll+0x536b]
C  [ucrtbase.dll+0x26c0c]
C  [KERNEL32.DLL+0x154e0]
C  [ntdll.dll+0x485b]


---------------  P R O C E S S  ---------------

Threads class SMR info:
_java_thread_list=0x0000026116224670, length=0, elements={
}

Java Threads: ( => current thread )

Other Threads:
  0x0000026116337800 GCTaskThread "GC Thread#0" [stack: 0x000000958b900000,0x000000958ba00000] [id=9408]
  0x0000026116391800 ConcurrentGCThread "G1 Main Marker" [stack: 0x000000958ba00000,0x000000958bb00000] [id=15432]
  0x0000026116394000 ConcurrentGCThread "G1 Conc#0" [stack: 0x000000958bb00000,0x000000958bc00000] [id=21804]
  0x0000026136a42000 ConcurrentGCThread "G1 Refine#0" [stack: 0x000000958bc00000,0x000000958bd00000] [id=16296]
  0x0000026136a43000 ConcurrentGCThread "G1 Young RemSet Sampling" [stack: 0x000000958bd00000,0x000000958be00000] [id=15592]

=>0x0000026116324000 (exited) JavaThread "Unknown thread" [_thread_in_vm, id=21092, stack(0x000000958b800000,0x000000958b900000)]

Threads with active compile tasks:

VM state:not at safepoint (not fully initialized)

VM Mutex/Monitor currently owned by a thread: None

Heap address: 0x0000000710e00000, size: 3826 MB, Compressed Oops mode: Zero based, Oop shift amount: 3
Narrow klass base: 0x0000000800000000, Narrow klass shift: 0
Compressed class space size: 1073741824 Address: 0x0000000800000000

GC Heap History (0 events):
No events

Deoptimization events (0 events):
No events

Classes redefined (0 events):
No events

Internal exceptions (0 events):
No events

Events (1 events):
Event: 0.016 Loaded shared library C:\Users\barba\AppData\Local\JetBrains\Toolbox\apps\Rider\ch-0\221.5080.236\jbr\bin\zip.dll


Dynamic libraries:
0x00007ff7e4ee0000 - 0x00007ff7e4eea000 	C:\Users\barba\AppData\Local\JetBrains\Toolbox\apps\Rider\ch-0\221.5080.236\jbr\bin\java.exe
0x00007ff812180000 - 0x00007ff812389000 	C:\WINDOWS\SYSTEM32\ntdll.dll
0x00007ff811100000 - 0x00007ff8111bd000 	C:\WINDOWS\System32\KERNEL32.DLL
0x00007ff80fac0000 - 0x00007ff80fe34000 	C:\WINDOWS\System32\KERNELBASE.dll
0x00007ff80f9a0000 - 0x00007ff80fab1000 	C:\WINDOWS\System32\ucrtbase.dll
0x00007ff80ac70000 - 0x00007ff80ac89000 	C:\Users\barba\AppData\Local\JetBrains\Toolbox\apps\Rider\ch-0\221.5080.236\jbr\bin\jli.dll
0x00007ff8111c0000 - 0x00007ff81136c000 	C:\WINDOWS\System32\USER32.dll
0x00007ff80f7e0000 - 0x00007ff80f806000 	C:\WINDOWS\System32\win32u.dll
0x00007ff811c40000 - 0x00007ff811c69000 	C:\WINDOWS\System32\GDI32.dll
0x00007ff80ff00000 - 0x00007ff810012000 	C:\WINDOWS\System32\gdi32full.dll
0x00007ff80f900000 - 0x00007ff80f99d000 	C:\WINDOWS\System32\msvcp_win.dll
0x00007ff80ac50000 - 0x00007ff80ac66000 	C:\Users\barba\AppData\Local\JetBrains\Toolbox\apps\Rider\ch-0\221.5080.236\jbr\bin\VCRUNTIME140.dll
0x00007fffe98c0000 - 0x00007fffe9b65000 	C:\WINDOWS\WinSxS\amd64_microsoft.windows.common-controls_6595b64144ccf1df_6.0.22000.120_none_9d947278b86cc467\COMCTL32.dll
0x00007ff8105a0000 - 0x00007ff810643000 	C:\WINDOWS\System32\msvcrt.dll
0x00007ff810550000 - 0x00007ff810581000 	C:\WINDOWS\System32\IMM32.DLL
0x00007fffc5ad0000 - 0x00007fffc5b7a000 	C:\Users\barba\AppData\Local\JetBrains\Toolbox\apps\Rider\ch-0\221.5080.236\jbr\bin\msvcp140.dll
0x00007fff645c0000 - 0x00007fff6514a000 	C:\Users\barba\AppData\Local\JetBrains\Toolbox\apps\Rider\ch-0\221.5080.236\jbr\bin\server\jvm.dll
0x00007ff811af0000 - 0x00007ff811b9e000 	C:\WINDOWS\System32\ADVAPI32.dll
0x00007ff811ba0000 - 0x00007ff811c3e000 	C:\WINDOWS\System32\sechost.dll
0x00007ff810020000 - 0x00007ff810140000 	C:\WINDOWS\System32\RPCRT4.dll
0x00007ff811c70000 - 0x00007ff811c78000 	C:\WINDOWS\System32\PSAPI.DLL
0x00007fffe1d40000 - 0x00007fffe1d49000 	C:\WINDOWS\SYSTEM32\WSOCK32.dll
0x00007ff810e00000 - 0x00007ff810e6f000 	C:\WINDOWS\System32\WS2_32.dll
0x00007ff807bf0000 - 0x00007ff807bfa000 	C:\WINDOWS\SYSTEM32\VERSION.dll
0x00007ff80c960000 - 0x00007ff80c993000 	C:\WINDOWS\SYSTEM32\WINMM.dll
0x00007ff80e740000 - 0x00007ff80e758000 	C:\WINDOWS\SYSTEM32\kernel.appcore.dll
0x00007ff80a5d0000 - 0x00007ff80a5e1000 	C:\Users\barba\AppData\Local\JetBrains\Toolbox\apps\Rider\ch-0\221.5080.236\jbr\bin\verify.dll
0x00007ff80c460000 - 0x00007ff80c681000 	C:\WINDOWS\SYSTEM32\DBGHELP.DLL
0x00007ffffbe60000 - 0x00007ffffbe91000 	C:\WINDOWS\SYSTEM32\dbgcore.DLL
0x00007ff80f880000 - 0x00007ff80f8ff000 	C:\WINDOWS\System32\bcryptPrimitives.dll
0x00007ff801560000 - 0x00007ff801589000 	C:\Users\barba\AppData\Local\JetBrains\Toolbox\apps\Rider\ch-0\221.5080.236\jbr\bin\java.dll
0x00007ff80ad70000 - 0x00007ff80ad7b000 	C:\Users\barba\AppData\Local\JetBrains\Toolbox\apps\Rider\ch-0\221.5080.236\jbr\bin\jimage.dll
0x00007ff8009a0000 - 0x00007ff8009b9000 	C:\Users\barba\AppData\Local\JetBrains\Toolbox\apps\Rider\ch-0\221.5080.236\jbr\bin\zip.dll

dbghelp: loaded successfully - version: 4.0.5 - missing functions: none
symbol engine: initialized successfully - sym options: 0x614 - pdb path: .;C:\Users\barba\AppData\Local\JetBrains\Toolbox\apps\Rider\ch-0\221.5080.236\jbr\bin;C:\WINDOWS\SYSTEM32;C:\WINDOWS\WinSxS\amd64_microsoft.windows.common-controls_6595b64144ccf1df_6.0.22000.120_none_9d947278b86cc467;C:\Users\barba\AppData\Local\JetBrains\Toolbox\apps\Rider\ch-0\221.5080.236\jbr\bin\server

VM Arguments:
java_command: git4idea.http.GitAskPassApp Username for 'https://github.com': 
java_class_path (initial): C:/Users/barba/AppData/Local/JetBrains/Toolbox/apps/Rider/ch-0/221.5080.236/plugins/git4idea/lib/git4idea-rt.jar;C:/Users/barba/AppData/Local/JetBrains/Toolbox/apps/Rider/ch-0/221.5080.236/lib/externalProcess-rt.jar;C:/Users/barba/AppData/Local/JetBrains/Toolbox/apps/Rider/ch-0/221.5080.236/lib/app.jar;C:/Users/barba/AppData/Local/JetBrains/Toolbox/apps/Rider/ch-0/221.5080.236/lib/3rd-party-rt.jar
Launcher Type: SUN_STANDARD

[Global flags]
     intx CICompilerCount                          = 4                                         {product} {ergonomic}
     uint ConcGCThreads                            = 2                                         {product} {ergonomic}
     uint G1ConcRefinementThreads                  = 8                                         {product} {ergonomic}
   size_t G1HeapRegionSize                         = 1048576                                   {product} {ergonomic}
    uintx GCDrainStackTargetSize                   = 64                                        {product} {ergonomic}
   size_t InitialHeapSize                          = 251658240                                 {product} {ergonomic}
   size_t MarkStackSize                            = 4194304                                   {product} {ergonomic}
   size_t MaxHeapSize                              = 4011851776                                {product} {ergonomic}
   size_t MaxNewSize                               = 2406481920                                {product} {ergonomic}
   size_t MinHeapDeltaBytes                        = 1048576                                   {product} {ergonomic}
    uintx NonNMethodCodeHeapSize                   = 5836300                                {pd product} {ergonomic}
    uintx NonProfiledCodeHeapSize                  = 122910970                              {pd product} {ergonomic}
    uintx ProfiledCodeHeapSize                     = 122910970                              {pd product} {ergonomic}
    uintx ReservedCodeCacheSize                    = 251658240                              {pd product} {ergonomic}
     bool SegmentedCodeCache                       = true                                      {product} {ergonomic}
     bool UseCompressedClassPointers               = true                                 {lp64_product} {ergonomic}
     bool UseCompressedOops                        = true                                 {lp64_product} {ergonomic}
     bool UseG1GC                                  = true                                      {product} {ergonomic}
     bool UseLargePagesIndividualAllocation        = false                                  {pd product} {ergonomic}

Logging:
Log output configuration:
 #0: stdout all=warning uptime,level,tags
 #1: stderr all=off uptime,level,tags

Environment Variables:
PATH=D:\Git\mingw64\libexec\git-core;D:\Git\mingw64\libexec\git-core;D:\Git\mingw64\bin;D:\Git\usr\bin;C:\Users\barba\bin;C:\Program Files\Microsoft MPI\Bin;C:\Program Files (x86)\Common Files\Oracle\Java\javapath;C:\Python39\Scripts;C:\Python39;C:\WINDOWS\system32;C:\WINDOWS;C:\WINDOWS\System32\Wbem;C:\WINDOWS\System32\WindowsPowerShell\v1.0;C:\WINDOWS\System32\OpenSSH;C:\Program Files\Microsoft SQL Server\Client SDK\ODBC\170\Tools\Binn;C:\Program Files (x86)\Microsoft SQL Server\150\Tools\Binn;C:\Program Files\Microsoft SQL Server\150\Tools\Binn;C:\Program Files\Microsoft SQL Server\150\DTS\Binn;C:\Program Files\dotnet;C:\Program Files\Microsoft SQL Server\130\Tools\Binn;D:\;C:\ProgramData\chocolatey\bin;D:\Git\cmd;C:\Program Files\MATLAB\R2020b\bin;C:\Program Files (x86)\dotnet;C:\Program Files\Azure Data Studio\bin;C:\Program Files (x86)\Microsoft SQL Server\150\DTS\Binn;C:\Users\barba\AppData\Local\Microsoft\WindowsApps;C:\Users\barba\AppData\Local\Programs\Microsoft VS Code\bin;C:\Users\barba\.dotnet\tools;C:\texlive\2020\bin\win32;C:\Users\barba\AppData\Roaming\npm;C:\Users\barba\.dotnet\tools;C:\Program Files\Azure Data Studio\bin;C:\Users\barba\AppData\Local\Microsoft\WindowsApps
USERNAME=barba
DISPLAY=:0.0
LC_ALL=en_US.UTF-8
OS=Windows_NT
PROCESSOR_IDENTIFIER=AMD64 Family 23 Model 24 Stepping 1, AuthenticAMD



---------------  S Y S T E M  ---------------

OS: Windows 11 , 64 bit Build 22000 (10.0.22000.613)
OS uptime: 2 days 4:07 hours
Hyper-V role detected

CPU:total 8 (initial active 8) (8 cores per cpu, 2 threads per core) family 23 model 24 stepping 1 microcode 0x0, cmov, cx8, fxsr, mmx, sse, sse2, sse3, ssse3, sse4.1, sse4.2, popcnt, avx, avx2, aes, clmul, mmxext, 3dnowpref, lzcnt, sse4a, ht, tsc, tscinvbit, tscinv, bmi1, bmi2, adx, sha, fma

Memory: 4k page, system-wide physical 15297M (4968M free)
TotalPageFile size 19265M (AvailPageFile size 7M)
current process WorkingSet (physical memory assigned to process): 21M, peak: 21M
current process commit charge ("private bytes"): 311M, peak: 312M

vm_info: Dynamic Code Evolution 64-Bit Server VM (11.0.14.1+1-b2043.25) for windows-amd64 JRE (11.0.14.1+1-b2043.25), built on Mar 30 2022 04:28:40 by "" with MS VC++ 14.0 (VS2015)

END.
