#
# There is insufficient memory for the Java Runtime Environment to continue.
# Native memory allocation (mmap) failed to map 251658240 bytes for Failed to commit area from 0x0000000710e00000 to 0x000000071fe00000 of length 251658240.
# Possible reasons:
#   The system is out of physical RAM or swap space
#   The process is running with CompressedOops enabled, and the Java Heap may be blocking the growth of the native heap
# Possible solutions:
#   Reduce memory load on the system
#   Increase physical memory or swap space
#   Check if swap backing store is full
#   Decrease Java heap size (-Xmx/-Xms)
#   Decrease number of Java threads
#   Decrease Java thread stack sizes (-Xss)
#   Set larger code cache with -XX:ReservedCodeCacheSize=
# This output file may be truncated or incomplete.
#
#  Out of Memory Error (./src/hotspot/os/windows/os_windows.cpp:3624), pid=8876, tid=16708
#
# JRE version:  (11.0.14.1+1) (build )
# Java VM: Dynamic Code Evolution 64-Bit Server VM (11.0.14.1+1-b1751.46, mixed mode, sharing, tiered, compressed oops, g1 gc, windows-amd64)
# No core dump will be written. Minidumps are not enabled by default on client versions of Windows
#

---------------  S U M M A R Y ------------

Command Line: git4idea.http.GitAskPassApp Username for 'https://github.com': 

Host: AMD Ryzen 5 3500U with Radeon Vega Mobile Gfx  , 8 cores, 14G,  Windows 11 , 64 bit Build 22000 (10.0.22000.434)
Time: Fri Apr 15 14:37:52 2022 RTZ 2 (зима) elapsed time: 0.021662 seconds (0d 0h 0m 0s)

---------------  T H R E A D  ---------------

Current thread (0x0000021134350800):  JavaThread "Unknown thread" [_thread_in_vm, id=16708, stack(0x000000c76a700000,0x000000c76a800000)]

Stack: [0x000000c76a700000,0x000000c76a800000]
Native frames: (J=compiled Java code, j=interpreted, Vv=VM code, C=native code)
V  [jvm.dll+0x621e6a]
V  [jvm.dll+0x7a8cc0]
V  [jvm.dll+0x7aa2dd]
V  [jvm.dll+0x7aa9b3]
V  [jvm.dll+0x2514c8]
V  [jvm.dll+0x61eee4]
V  [jvm.dll+0x613be5]
V  [jvm.dll+0x31102b]
V  [jvm.dll+0x310f9a]
V  [jvm.dll+0x310e72]
V  [jvm.dll+0x315dc6]
V  [jvm.dll+0x3611d3]
V  [jvm.dll+0x3618d6]
V  [jvm.dll+0x3612d3]
V  [jvm.dll+0x2ea578]
V  [jvm.dll+0x2eb717]
V  [jvm.dll+0x785b47]
V  [jvm.dll+0x78741c]
V  [jvm.dll+0x36e779]
V  [jvm.dll+0x76982e]
V  [jvm.dll+0x3dcdf3]
V  [jvm.dll+0x3df341]
C  [jli.dll+0x536b]
C  [ucrtbase.dll+0x26c0c]
C  [KERNEL32.DLL+0x154e0]
C  [ntdll.dll+0x485b]


---------------  P R O C E S S  ---------------

Threads class SMR info:
_java_thread_list=0x00000211322951a0, length=0, elements={
}

Java Threads: ( => current thread )

Other Threads:
  0x0000021134368000 GCTaskThread "GC Thread#0" [stack: 0x000000c76a800000,0x000000c76a900000] [id=10080]
  0x00000211343c1000 ConcurrentGCThread "G1 Main Marker" [stack: 0x000000c76a900000,0x000000c76aa00000] [id=32]
  0x00000211343c3800 ConcurrentGCThread "G1 Conc#0" [stack: 0x000000c76aa00000,0x000000c76ab00000] [id=6164]

[error occurred during error reporting (printing all threads), id 0xc0000005, EXCEPTION_ACCESS_VIOLATION (0xc0000005) at pc=0x00007fff4cdeb087]

VM state:not at safepoint (not fully initialized)

VM Mutex/Monitor currently owned by a thread:  ([mutex/lock_event])
[0x000002113434dad0] Heap_lock - owner thread: 0x0000021134350800

Heap address: 0x0000000710e00000, size: 3826 MB, Compressed Oops mode: Non-zero based: 0x0000000710e00000
Narrow klass base: 0x0000000000000000, Narrow klass shift: 0

GC Heap History (0 events):
No events

Deoptimization events (0 events):
No events

Classes redefined (0 events):
No events

Internal exceptions (0 events):
No events

Events (1 events):
Event: 0.013 Loaded shared library C:\Users\barba\AppData\Local\JetBrains\Toolbox\apps\Rider\ch-0\213.7172.34\jbr\bin\zip.dll


Dynamic libraries:
0x00007ff760080000 - 0x00007ff76008a000 	C:\Users\barba\AppData\Local\JetBrains\Toolbox\apps\Rider\ch-0\213.7172.34\jbr\bin\java.exe
0x00007fffd8ce0000 - 0x00007fffd8ee9000 	C:\WINDOWS\SYSTEM32\ntdll.dll
0x00007fffd76f0000 - 0x00007fffd77ad000 	C:\WINDOWS\System32\KERNEL32.DLL
0x00007fffd61d0000 - 0x00007fffd6544000 	C:\WINDOWS\System32\KERNELBASE.dll
0x00007fffd65f0000 - 0x00007fffd6701000 	C:\WINDOWS\System32\ucrtbase.dll
0x00007fffc6db0000 - 0x00007fffc6dc6000 	C:\Users\barba\AppData\Local\JetBrains\Toolbox\apps\Rider\ch-0\213.7172.34\jbr\bin\VCRUNTIME140.dll
0x00007fffc6b90000 - 0x00007fffc6ba9000 	C:\Users\barba\AppData\Local\JetBrains\Toolbox\apps\Rider\ch-0\213.7172.34\jbr\bin\jli.dll
0x00007fffd8840000 - 0x00007fffd89ec000 	C:\WINDOWS\System32\USER32.dll
0x00007fffbc290000 - 0x00007fffbc535000 	C:\WINDOWS\WinSxS\amd64_microsoft.windows.common-controls_6595b64144ccf1df_6.0.22000.120_none_9d947278b86cc467\COMCTL32.dll
0x00007fffd6550000 - 0x00007fffd6576000 	C:\WINDOWS\System32\win32u.dll
0x00007fffd89f0000 - 0x00007fffd8a93000 	C:\WINDOWS\System32\msvcrt.dll
0x00007fffd8810000 - 0x00007fffd8839000 	C:\WINDOWS\System32\GDI32.dll
0x00007fffd68f0000 - 0x00007fffd6a02000 	C:\WINDOWS\System32\gdi32full.dll
0x00007fffd6790000 - 0x00007fffd682d000 	C:\WINDOWS\System32\msvcp_win.dll
0x00007fffd8aa0000 - 0x00007fffd8ad1000 	C:\WINDOWS\System32\IMM32.DLL
0x00007fffa1d30000 - 0x00007fffa1dda000 	C:\Users\barba\AppData\Local\JetBrains\Toolbox\apps\Rider\ch-0\213.7172.34\jbr\bin\msvcp140.dll
0x00007fff4caf0000 - 0x00007fff4d67a000 	C:\Users\barba\AppData\Local\JetBrains\Toolbox\apps\Rider\ch-0\213.7172.34\jbr\bin\server\jvm.dll
0x00007fffd8760000 - 0x00007fffd880e000 	C:\WINDOWS\System32\ADVAPI32.dll
0x00007fffd7510000 - 0x00007fffd75ae000 	C:\WINDOWS\System32\sechost.dll
0x00007fffd75d0000 - 0x00007fffd76f0000 	C:\WINDOWS\System32\RPCRT4.dll
0x00007fffd85f0000 - 0x00007fffd85f8000 	C:\WINDOWS\System32\PSAPI.DLL
0x00007fffd37c0000 - 0x00007fffd37f3000 	C:\WINDOWS\SYSTEM32\WINMM.dll
0x00007fffc3550000 - 0x00007fffc3559000 	C:\WINDOWS\SYSTEM32\WSOCK32.dll
0x00007fffd7880000 - 0x00007fffd78ef000 	C:\WINDOWS\System32\WS2_32.dll
0x00007fffcf980000 - 0x00007fffcf98a000 	C:\WINDOWS\SYSTEM32\VERSION.dll
0x00007fffd52a0000 - 0x00007fffd52b8000 	C:\WINDOWS\SYSTEM32\kernel.appcore.dll
0x00007fffc6310000 - 0x00007fffc6321000 	C:\Users\barba\AppData\Local\JetBrains\Toolbox\apps\Rider\ch-0\213.7172.34\jbr\bin\verify.dll
0x00007fffd3190000 - 0x00007fffd33b1000 	C:\WINDOWS\SYSTEM32\DBGHELP.DLL
0x00007fffc0e40000 - 0x00007fffc0e71000 	C:\WINDOWS\SYSTEM32\dbgcore.DLL
0x00007fffd6710000 - 0x00007fffd678f000 	C:\WINDOWS\System32\bcryptPrimitives.dll
0x00007fffd1710000 - 0x00007fffd1739000 	C:\Users\barba\AppData\Local\JetBrains\Toolbox\apps\Rider\ch-0\213.7172.34\jbr\bin\java.dll
0x00007fffd1700000 - 0x00007fffd170b000 	C:\Users\barba\AppData\Local\JetBrains\Toolbox\apps\Rider\ch-0\213.7172.34\jbr\bin\jimage.dll
0x00007fffc62f0000 - 0x00007fffc6309000 	C:\Users\barba\AppData\Local\JetBrains\Toolbox\apps\Rider\ch-0\213.7172.34\jbr\bin\zip.dll

dbghelp: loaded successfully - version: 4.0.5 - missing functions: none
symbol engine: initialized successfully - sym options: 0x614 - pdb path: .;C:\Users\barba\AppData\Local\JetBrains\Toolbox\apps\Rider\ch-0\213.7172.34\jbr\bin;C:\WINDOWS\SYSTEM32;C:\WINDOWS\WinSxS\amd64_microsoft.windows.common-controls_6595b64144ccf1df_6.0.22000.120_none_9d947278b86cc467;C:\Users\barba\AppData\Local\JetBrains\Toolbox\apps\Rider\ch-0\213.7172.34\jbr\bin\server

VM Arguments:
java_command: git4idea.http.GitAskPassApp Username for 'https://github.com': 
java_class_path (initial): C:/Users/barba/AppData/Local/JetBrains/Toolbox/apps/Rider/ch-0/213.7172.34/plugins/git4idea/lib/git4idea-rt.jar;C:/Users/barba/AppData/Local/JetBrains/Toolbox/apps/Rider/ch-0/213.7172.34/lib/3rd-party.jar;C:/Users/barba/AppData/Local/JetBrains/Toolbox/apps/Rider/ch-0/213.7172.34/lib/3rd-party-rt.jar
Launcher Type: SUN_STANDARD

[Global flags]
     intx CICompilerCount                          = 4                                         {product} {ergonomic}
     uint ConcGCThreads                            = 2                                         {product} {ergonomic}
     uint G1ConcRefinementThreads                  = 8                                         {product} {ergonomic}
   size_t G1HeapRegionSize                         = 1048576                                   {product} {ergonomic}
    uintx GCDrainStackTargetSize                   = 64                                        {product} {ergonomic}
   size_t InitialHeapSize                          = 251658240                                 {product} {ergonomic}
   size_t MarkStackSize                            = 4194304                                   {product} {ergonomic}
   size_t MaxHeapSize                              = 4011851776                                {product} {ergonomic}
   size_t MinHeapDeltaBytes                        = 1048576                                   {product} {ergonomic}
    uintx NonNMethodCodeHeapSize                   = 5836300                                {pd product} {ergonomic}
    uintx NonProfiledCodeHeapSize                  = 122910970                              {pd product} {ergonomic}
    uintx ProfiledCodeHeapSize                     = 122910970                              {pd product} {ergonomic}
    uintx ReservedCodeCacheSize                    = 251658240                              {pd product} {ergonomic}
     bool SegmentedCodeCache                       = true                                      {product} {ergonomic}
     bool UseCompressedClassPointers               = true                                 {lp64_product} {ergonomic}
     bool UseCompressedOops                        = true                                 {lp64_product} {ergonomic}
     bool UseG1GC                                  = true                                      {product} {ergonomic}
     bool UseLargePagesIndividualAllocation        = false                                  {pd product} {ergonomic}

Logging:
Log output configuration:
 #0: stdout all=warning uptime,level,tags
 #1: stderr all=off uptime,level,tags

Environment Variables:
PATH=D:\Git\mingw64\libexec\git-core;D:\Git\mingw64\libexec\git-core;D:\Git\mingw64\bin;D:\Git\usr\bin;C:\Users\barba\bin;C:\Program Files\Microsoft MPI\Bin;C:\Program Files (x86)\Common Files\Oracle\Java\javapath;C:\Python39\Scripts;C:\Python39;C:\WINDOWS\system32;C:\WINDOWS;C:\WINDOWS\System32\Wbem;C:\WINDOWS\System32\WindowsPowerShell\v1.0;C:\WINDOWS\System32\OpenSSH;C:\Program Files\Microsoft SQL Server\Client SDK\ODBC\170\Tools\Binn;C:\Program Files (x86)\Microsoft SQL Server\150\Tools\Binn;C:\Program Files\Microsoft SQL Server\150\Tools\Binn;C:\Program Files\Microsoft SQL Server\150\DTS\Binn;C:\Program Files\dotnet;C:\Program Files\Microsoft SQL Server\130\Tools\Binn;D:\;C:\ProgramData\chocolatey\bin;D:\Git\cmd;C:\Program Files\MATLAB\R2020b\bin;D:\bin;C:\Program Files (x86)\dotnet;C:\Program Files\Azure Data Studio\bin;C:\Program Files (x86)\Microsoft SQL Server\150\DTS\Binn;C:\Users\barba\AppData\Local\Microsoft\WindowsApps;C:\Users\barba\AppData\Local\Programs\Microsoft VS Code\bin;C:\Users\barba\.dotnet\tools;C:\texlive\2020\bin\win32;C:\Users\barba\AppData\Roaming\npm;C:\Users\barba\.dotnet\tools;C:\Program Files\Azure Data Studio\bin;C:\Users\barba\AppData\Local\Microsoft\WindowsApps
USERNAME=barba
DISPLAY=:0.0
LC_ALL=en_US.UTF-8
OS=Windows_NT
PROCESSOR_IDENTIFIER=AMD64 Family 23 Model 24 Stepping 1, AuthenticAMD



---------------  S Y S T E M  ---------------

OS: Windows 11 , 64 bit Build 22000 (10.0.22000.434)
OS uptime: 4 days 20:39 hours
Hyper-V role detected

CPU:total 8 (initial active 8) (8 cores per cpu, 2 threads per core) family 23 model 24 stepping 1 microcode 0x0, cmov, cx8, fxsr, mmx, sse, sse2, sse3, ssse3, sse4.1, sse4.2, popcnt, avx, avx2, aes, clmul, mmxext, 3dnowpref, lzcnt, sse4a, ht, tsc, tscinvbit, tscinv, bmi1, bmi2, adx, sha, fma

Memory: 4k page, system-wide physical 15297M (2897M free)
TotalPageFile size 19265M (AvailPageFile size 205M)
current process WorkingSet (physical memory assigned to process): 10M, peak: 10M
current process commit charge ("private bytes"): 60M, peak: 300M

vm_info: Dynamic Code Evolution 64-Bit Server VM (11.0.14.1+1-b1751.46) for windows-amd64 JRE (11.0.14.1+1-b1751.46), built on Feb 21 2022 14:51:12 by "" with MS VC++ 14.0 (VS2015)

END.
