#
# There is insufficient memory for the Java Runtime Environment to continue.
# Native memory allocation (mmap) failed to map 65536 bytes for Failed to commit area from 0x000001dcf4be0000 to 0x000001dcf4bf0000 of length 65536.
# Possible reasons:
#   The system is out of physical RAM or swap space
#   The process is running with CompressedOops enabled, and the Java Heap may be blocking the growth of the native heap
# Possible solutions:
#   Reduce memory load on the system
#   Increase physical memory or swap space
#   Check if swap backing store is full
#   Decrease Java heap size (-Xmx/-Xms)
#   Decrease number of Java threads
#   Decrease Java thread stack sizes (-Xss)
#   Set larger code cache with -XX:ReservedCodeCacheSize=
# This output file may be truncated or incomplete.
#
#  Out of Memory Error (src/hotspot/os/windows/os_windows.cpp:3624), pid=23884, tid=3316
#
# JRE version:  (11.0.14.1+1) (build )
# Java VM: Dynamic Code Evolution 64-Bit Server VM (11.0.14.1+1-b2043.25, mixed mode, sharing, tiered, compressed oops, g1 gc, windows-amd64)
# No core dump will be written. Minidumps are not enabled by default on client versions of Windows
#

---------------  S U M M A R Y ------------

Command Line: git4idea.http.GitAskPassApp Username for 'https://github.com': 

Host: AMD Ryzen 5 3500U with Radeon Vega Mobile Gfx  , 8 cores, 14G,  Windows 11 , 64 bit Build 22000 (10.0.22000.613)
Time: Mon May  2 01:36:13 2022 RTZ 2 (зима) elapsed time: 0.063104 seconds (0d 0h 0m 0s)

---------------  T H R E A D  ---------------

Current thread (0x000001dcdc822000):  JavaThread "Unknown thread" [_thread_in_vm, id=3316, stack(0x0000009de5900000,0x0000009de5a00000)]

Stack: [0x0000009de5900000,0x0000009de5a00000]
Native frames: (J=compiled Java code, j=interpreted, Vv=VM code, C=native code)
V  [jvm.dll+0x621b3a]
V  [jvm.dll+0x7a8cf0]
V  [jvm.dll+0x7aa30d]
V  [jvm.dll+0x7aa9e3]
V  [jvm.dll+0x2512c8]
V  [jvm.dll+0x61eb84]
V  [jvm.dll+0x613895]
V  [jvm.dll+0x310a2b]
V  [jvm.dll+0x31099a]
V  [jvm.dll+0x310872]
V  [jvm.dll+0x3158e5]
V  [jvm.dll+0x360da7]
V  [jvm.dll+0x361486]
V  [jvm.dll+0x360e83]
V  [jvm.dll+0x2ea248]
V  [jvm.dll+0x2eb3f7]
V  [jvm.dll+0x785e47]
V  [jvm.dll+0x78771c]
V  [jvm.dll+0x36e339]
V  [jvm.dll+0x76973e]
V  [jvm.dll+0x3dc913]
V  [jvm.dll+0x3deeb1]
C  [jli.dll+0x536b]
C  [ucrtbase.dll+0x26c0c]
C  [KERNEL32.DLL+0x154e0]
C  [ntdll.dll+0x485b]


---------------  P R O C E S S  ---------------

Threads class SMR info:
_java_thread_list=0x000001dcda5d6300, length=0, elements={
}

Java Threads: ( => current thread )

Other Threads:
  0x000001dcdc839800 GCTaskThread "GC Thread#0" [stack: 0x0000009de5a00000,0x0000009de5b00000] [id=24940]
  0x000001dcdc892800 ConcurrentGCThread "G1 Main Marker" [stack: 0x0000009de5b00000,0x0000009de5c00000] [id=5456]
  0x000001dcdc895800 ConcurrentGCThread "G1 Conc#0" [stack: 0x0000009de5c00000,0x0000009de5d00000] [id=17192]

[error occurred during error reporting (printing all threads), id 0xc0000005, EXCEPTION_ACCESS_VIOLATION (0xc0000005) at pc=0x00007ffa2981aa97]

VM state:not at safepoint (not fully initialized)

VM Mutex/Monitor currently owned by a thread:  ([mutex/lock_event])
[0x000001dcdc81d1a0] Heap_lock - owner thread: 0x000001dcdc822000

Heap address: 0x0000000710e00000, size: 3826 MB, Compressed Oops mode: Non-zero based: 0x0000000710e00000
Narrow klass base: 0x0000000000000000, Narrow klass shift: 0

GC Heap History (0 events):
No events

Deoptimization events (0 events):
No events

Classes redefined (0 events):
No events

Internal exceptions (0 events):
No events

Events (1 events):
Event: 0.017 Loaded shared library C:\Users\barba\AppData\Local\JetBrains\Toolbox\apps\Rider\ch-0\221.5080.236\jbr\bin\zip.dll


Dynamic libraries:
0x00007ff62d0e0000 - 0x00007ff62d0ea000 	C:\Users\barba\AppData\Local\JetBrains\Toolbox\apps\Rider\ch-0\221.5080.236\jbr\bin\java.exe
0x00007ffacfd00000 - 0x00007ffacff09000 	C:\WINDOWS\SYSTEM32\ntdll.dll
0x00007fface890000 - 0x00007fface94d000 	C:\WINDOWS\System32\KERNEL32.DLL
0x00007ffacd3b0000 - 0x00007ffacd724000 	C:\WINDOWS\System32\KERNELBASE.dll
0x00007ffacd290000 - 0x00007ffacd3a1000 	C:\WINDOWS\System32\ucrtbase.dll
0x00007ffabe080000 - 0x00007ffabe096000 	C:\Users\barba\AppData\Local\JetBrains\Toolbox\apps\Rider\ch-0\221.5080.236\jbr\bin\VCRUNTIME140.dll
0x00007ffac8350000 - 0x00007ffac8369000 	C:\Users\barba\AppData\Local\JetBrains\Toolbox\apps\Rider\ch-0\221.5080.236\jbr\bin\jli.dll
0x00007fface370000 - 0x00007fface51c000 	C:\WINDOWS\System32\USER32.dll
0x00007ffaa7860000 - 0x00007ffaa7b05000 	C:\WINDOWS\WinSxS\amd64_microsoft.windows.common-controls_6595b64144ccf1df_6.0.22000.120_none_9d947278b86cc467\COMCTL32.dll
0x00007ffacd820000 - 0x00007ffacd846000 	C:\WINDOWS\System32\win32u.dll
0x00007fface770000 - 0x00007fface813000 	C:\WINDOWS\System32\msvcrt.dll
0x00007ffacdec0000 - 0x00007ffacdee9000 	C:\WINDOWS\System32\GDI32.dll
0x00007ffacd850000 - 0x00007ffacd962000 	C:\WINDOWS\System32\gdi32full.dll
0x00007ffacd1f0000 - 0x00007ffacd28d000 	C:\WINDOWS\System32\msvcp_win.dll
0x00007ffacefa0000 - 0x00007ffacefd1000 	C:\WINDOWS\System32\IMM32.DLL
0x00007ffabd1b0000 - 0x00007ffabd25a000 	C:\Users\barba\AppData\Local\JetBrains\Toolbox\apps\Rider\ch-0\221.5080.236\jbr\bin\msvcp140.dll
0x00007ffa29520000 - 0x00007ffa2a0aa000 	C:\Users\barba\AppData\Local\JetBrains\Toolbox\apps\Rider\ch-0\221.5080.236\jbr\bin\server\jvm.dll
0x00007ffacde10000 - 0x00007ffacdebe000 	C:\WINDOWS\System32\ADVAPI32.dll
0x00007ffacf300000 - 0x00007ffacf39e000 	C:\WINDOWS\System32\sechost.dll
0x00007ffacf100000 - 0x00007ffacf220000 	C:\WINDOWS\System32\RPCRT4.dll
0x00007ffacefe0000 - 0x00007ffacefe8000 	C:\WINDOWS\System32\PSAPI.DLL
0x00007ffa9f730000 - 0x00007ffa9f739000 	C:\WINDOWS\SYSTEM32\WSOCK32.dll
0x00007fface820000 - 0x00007fface88f000 	C:\WINDOWS\System32\WS2_32.dll
0x00007ffaca650000 - 0x00007ffaca683000 	C:\WINDOWS\SYSTEM32\WINMM.dll
0x00007ffac58b0000 - 0x00007ffac58ba000 	C:\WINDOWS\SYSTEM32\VERSION.dll
0x00007ffacc2c0000 - 0x00007ffacc2d8000 	C:\WINDOWS\SYSTEM32\kernel.appcore.dll
0x00007ffabe020000 - 0x00007ffabe031000 	C:\Users\barba\AppData\Local\JetBrains\Toolbox\apps\Rider\ch-0\221.5080.236\jbr\bin\verify.dll
0x00007ffaca070000 - 0x00007ffaca291000 	C:\WINDOWS\SYSTEM32\DBGHELP.DLL
0x00007ffab7480000 - 0x00007ffab74b1000 	C:\WINDOWS\SYSTEM32\dbgcore.DLL
0x00007ffacd7a0000 - 0x00007ffacd81f000 	C:\WINDOWS\System32\bcryptPrimitives.dll
0x00007ffabaa90000 - 0x00007ffabaab9000 	C:\Users\barba\AppData\Local\JetBrains\Toolbox\apps\Rider\ch-0\221.5080.236\jbr\bin\java.dll
0x00007ffabe5f0000 - 0x00007ffabe5fb000 	C:\Users\barba\AppData\Local\JetBrains\Toolbox\apps\Rider\ch-0\221.5080.236\jbr\bin\jimage.dll
0x00007ffabd190000 - 0x00007ffabd1a9000 	C:\Users\barba\AppData\Local\JetBrains\Toolbox\apps\Rider\ch-0\221.5080.236\jbr\bin\zip.dll

dbghelp: loaded successfully - version: 4.0.5 - missing functions: none
symbol engine: initialized successfully - sym options: 0x614 - pdb path: .;C:\Users\barba\AppData\Local\JetBrains\Toolbox\apps\Rider\ch-0\221.5080.236\jbr\bin;C:\WINDOWS\SYSTEM32;C:\WINDOWS\WinSxS\amd64_microsoft.windows.common-controls_6595b64144ccf1df_6.0.22000.120_none_9d947278b86cc467;C:\Users\barba\AppData\Local\JetBrains\Toolbox\apps\Rider\ch-0\221.5080.236\jbr\bin\server

VM Arguments:
java_command: git4idea.http.GitAskPassApp Username for 'https://github.com': 
java_class_path (initial): C:/Users/barba/AppData/Local/JetBrains/Toolbox/apps/Rider/ch-0/221.5080.236/plugins/git4idea/lib/git4idea-rt.jar;C:/Users/barba/AppData/Local/JetBrains/Toolbox/apps/Rider/ch-0/221.5080.236/lib/externalProcess-rt.jar;C:/Users/barba/AppData/Local/JetBrains/Toolbox/apps/Rider/ch-0/221.5080.236/lib/app.jar;C:/Users/barba/AppData/Local/JetBrains/Toolbox/apps/Rider/ch-0/221.5080.236/lib/3rd-party-rt.jar
Launcher Type: SUN_STANDARD

[Global flags]
     intx CICompilerCount                          = 4                                         {product} {ergonomic}
     uint ConcGCThreads                            = 2                                         {product} {ergonomic}
     uint G1ConcRefinementThreads                  = 8                                         {product} {ergonomic}
   size_t G1HeapRegionSize                         = 1048576                                   {product} {ergonomic}
    uintx GCDrainStackTargetSize                   = 64                                        {product} {ergonomic}
   size_t InitialHeapSize                          = 251658240                                 {product} {ergonomic}
   size_t MarkStackSize                            = 4194304                                   {product} {ergonomic}
   size_t MaxHeapSize                              = 4011851776                                {product} {ergonomic}
   size_t MinHeapDeltaBytes                        = 1048576                                   {product} {ergonomic}
    uintx NonNMethodCodeHeapSize                   = 5836300                                {pd product} {ergonomic}
    uintx NonProfiledCodeHeapSize                  = 122910970                              {pd product} {ergonomic}
    uintx ProfiledCodeHeapSize                     = 122910970                              {pd product} {ergonomic}
    uintx ReservedCodeCacheSize                    = 251658240                              {pd product} {ergonomic}
     bool SegmentedCodeCache                       = true                                      {product} {ergonomic}
     bool UseCompressedClassPointers               = true                                 {lp64_product} {ergonomic}
     bool UseCompressedOops                        = true                                 {lp64_product} {ergonomic}
     bool UseG1GC                                  = true                                      {product} {ergonomic}
     bool UseLargePagesIndividualAllocation        = false                                  {pd product} {ergonomic}

Logging:
Log output configuration:
 #0: stdout all=warning uptime,level,tags
 #1: stderr all=off uptime,level,tags

Environment Variables:
PATH=D:\Git\mingw64\libexec\git-core;D:\Git\mingw64\libexec\git-core;D:\Git\mingw64\bin;D:\Git\usr\bin;C:\Users\barba\bin;C:\Program Files\Microsoft MPI\Bin;C:\Program Files (x86)\Common Files\Oracle\Java\javapath;C:\Python39\Scripts;C:\Python39;C:\WINDOWS\system32;C:\WINDOWS;C:\WINDOWS\System32\Wbem;C:\WINDOWS\System32\WindowsPowerShell\v1.0;C:\WINDOWS\System32\OpenSSH;C:\Program Files\Microsoft SQL Server\Client SDK\ODBC\170\Tools\Binn;C:\Program Files (x86)\Microsoft SQL Server\150\Tools\Binn;C:\Program Files\Microsoft SQL Server\150\Tools\Binn;C:\Program Files\Microsoft SQL Server\150\DTS\Binn;C:\Program Files\dotnet;C:\Program Files\Microsoft SQL Server\130\Tools\Binn;D:\;C:\ProgramData\chocolatey\bin;D:\Git\cmd;C:\Program Files\MATLAB\R2020b\bin;C:\Program Files (x86)\dotnet;C:\Program Files\Azure Data Studio\bin;C:\Program Files (x86)\Microsoft SQL Server\150\DTS\Binn;C:\Users\barba\AppData\Local\Microsoft\WindowsApps;C:\Users\barba\AppData\Local\Programs\Microsoft VS Code\bin;C:\Users\barba\.dotnet\tools;C:\texlive\2020\bin\win32;C:\Users\barba\AppData\Roaming\npm;C:\Users\barba\.dotnet\tools;C:\Program Files\Azure Data Studio\bin;C:\Users\barba\AppData\Local\Microsoft\WindowsApps
USERNAME=barba
DISPLAY=:0.0
LC_ALL=en_US.UTF-8
OS=Windows_NT
PROCESSOR_IDENTIFIER=AMD64 Family 23 Model 24 Stepping 1, AuthenticAMD



---------------  S Y S T E M  ---------------

OS: Windows 11 , 64 bit Build 22000 (10.0.22000.613)
OS uptime: 4 days 5:08 hours
Hyper-V role detected

CPU:total 8 (initial active 8) (8 cores per cpu, 2 threads per core) family 23 model 24 stepping 1 microcode 0x0, cmov, cx8, fxsr, mmx, sse, sse2, sse3, ssse3, sse4.1, sse4.2, popcnt, avx, avx2, aes, clmul, mmxext, 3dnowpref, lzcnt, sse4a, ht, tsc, tscinvbit, tscinv, bmi1, bmi2, adx, sha, fma

Memory: 4k page, system-wide physical 15297M (2542M free)
TotalPageFile size 19265M (AvailPageFile size 12M)
current process WorkingSet (physical memory assigned to process): 14M, peak: 14M
current process commit charge ("private bytes"): 306M, peak: 306M

vm_info: Dynamic Code Evolution 64-Bit Server VM (11.0.14.1+1-b2043.25) for windows-amd64 JRE (11.0.14.1+1-b2043.25), built on Mar 30 2022 04:28:40 by "" with MS VC++ 14.0 (VS2015)

END.
